#! /usr/bin/vvp
:ivl_version "12.0 (stable)";
:ivl_delay_selection "TYPICAL";
:vpi_time_precision - 12;
:vpi_module "/usr/lib/x86_64-linux-gnu/ivl/system.vpi";
:vpi_module "/usr/lib/x86_64-linux-gnu/ivl/vhdl_sys.vpi";
:vpi_module "/usr/lib/x86_64-linux-gnu/ivl/vhdl_textio.vpi";
:vpi_module "/usr/lib/x86_64-linux-gnu/ivl/v2005_math.vpi";
:vpi_module "/usr/lib/x86_64-linux-gnu/ivl/va_math.vpi";
:vpi_module "/usr/lib/x86_64-linux-gnu/ivl/v2009.vpi";
S_0x58e084dc0860 .scope package, "$unit" "$unit" 2 1;
 .timescale 0 0;
S_0x58e084dbe6b0 .scope module, "tb" "tb" 3 3;
 .timescale -9 -12;
v0x58e084de4780_0 .array/port v0x58e084de4780, 0;
L_0x58e084de5d70 .functor BUFZ 10, v0x58e084de4780_0, C4<0000000000>, C4<0000000000>, C4<0000000000>;
v0x58e084de4780_1 .array/port v0x58e084de4780, 1;
L_0x58e084de26e0 .functor BUFZ 10, v0x58e084de4780_1, C4<0000000000>, C4<0000000000>, C4<0000000000>;
v0x58e084de4780_2 .array/port v0x58e084de4780, 2;
L_0x58e084de2780 .functor BUFZ 10, v0x58e084de4780_2, C4<0000000000>, C4<0000000000>, C4<0000000000>;
v0x58e084de4780_3 .array/port v0x58e084de4780, 3;
L_0x58e084de2850 .functor BUFZ 10, v0x58e084de4780_3, C4<0000000000>, C4<0000000000>, C4<0000000000>;
v0x58e084de4780_4 .array/port v0x58e084de4780, 4;
L_0x58e084de2950 .functor BUFZ 10, v0x58e084de4780_4, C4<0000000000>, C4<0000000000>, C4<0000000000>;
v0x58e084de4780_5 .array/port v0x58e084de4780, 5;
L_0x58e084de2a20 .functor BUFZ 10, v0x58e084de4780_5, C4<0000000000>, C4<0000000000>, C4<0000000000>;
v0x58e084de4780_6 .array/port v0x58e084de4780, 6;
L_0x58e084de2af0 .functor BUFZ 10, v0x58e084de4780_6, C4<0000000000>, C4<0000000000>, C4<0000000000>;
v0x58e084de4780_7 .array/port v0x58e084de4780, 7;
L_0x58e084de2b90 .functor BUFZ 10, v0x58e084de4780_7, C4<0000000000>, C4<0000000000>, C4<0000000000>;
v0x58e084de4780_8 .array/port v0x58e084de4780, 8;
L_0x58e084de2cb0 .functor BUFZ 10, v0x58e084de4780_8, C4<0000000000>, C4<0000000000>, C4<0000000000>;
v0x58e084de4780_9 .array/port v0x58e084de4780, 9;
L_0x58e084de2d80 .functor BUFZ 10, v0x58e084de4780_9, C4<0000000000>, C4<0000000000>, C4<0000000000>;
v0x58e084de4780_10 .array/port v0x58e084de4780, 10;
L_0x58e084de3b40 .functor BUFZ 10, v0x58e084de4780_10, C4<0000000000>, C4<0000000000>, C4<0000000000>;
v0x58e084de4780_11 .array/port v0x58e084de4780, 11;
L_0x58e084de3c10 .functor BUFZ 10, v0x58e084de4780_11, C4<0000000000>, C4<0000000000>, C4<0000000000>;
v0x58e084de4780_12 .array/port v0x58e084de4780, 12;
L_0x58e084de3d50 .functor BUFZ 10, v0x58e084de4780_12, C4<0000000000>, C4<0000000000>, C4<0000000000>;
v0x58e084de4780_13 .array/port v0x58e084de4780, 13;
L_0x58e084de3e20 .functor BUFZ 10, v0x58e084de4780_13, C4<0000000000>, C4<0000000000>, C4<0000000000>;
v0x58e084de4780_14 .array/port v0x58e084de4780, 14;
L_0x58e084de3ce0 .functor BUFZ 10, v0x58e084de4780_14, C4<0000000000>, C4<0000000000>, C4<0000000000>;
v0x58e084de4780_15 .array/port v0x58e084de4780, 15;
L_0x58e084de3fd0 .functor BUFZ 10, v0x58e084de4780_15, C4<0000000000>, C4<0000000000>, C4<0000000000>;
v0x58e084de4780_16 .array/port v0x58e084de4780, 16;
L_0x58e084de4130 .functor BUFZ 10, v0x58e084de4780_16, C4<0000000000>, C4<0000000000>, C4<0000000000>;
v0x58e084de4780_17 .array/port v0x58e084de4780, 17;
L_0x58e084de4200 .functor BUFZ 10, v0x58e084de4780_17, C4<0000000000>, C4<0000000000>, C4<0000000000>;
v0x58e084de4780_18 .array/port v0x58e084de4780, 18;
L_0x58e084de1200 .functor BUFZ 10, v0x58e084de4780_18, C4<0000000000>, C4<0000000000>, C4<0000000000>;
v0x58e084de4780_19 .array/port v0x58e084de4780, 19;
L_0x58e084de12d0 .functor BUFZ 10, v0x58e084de4780_19, C4<0000000000>, C4<0000000000>, C4<0000000000>;
v0x58e084de4780_20 .array/port v0x58e084de4780, 20;
L_0x58e084de1450 .functor BUFZ 10, v0x58e084de4780_20, C4<0000000000>, C4<0000000000>, C4<0000000000>;
v0x58e084de4780_21 .array/port v0x58e084de4780, 21;
L_0x58e084de1520 .functor BUFZ 10, v0x58e084de4780_21, C4<0000000000>, C4<0000000000>, C4<0000000000>;
v0x58e084de4780_22 .array/port v0x58e084de4780, 22;
L_0x58e084de16b0 .functor BUFZ 10, v0x58e084de4780_22, C4<0000000000>, C4<0000000000>, C4<0000000000>;
v0x58e084de4780_23 .array/port v0x58e084de4780, 23;
L_0x58e084de1780 .functor BUFZ 10, v0x58e084de4780_23, C4<0000000000>, C4<0000000000>, C4<0000000000>;
v0x58e084de4780_24 .array/port v0x58e084de4780, 24;
L_0x58e084de30c0 .functor BUFZ 10, v0x58e084de4780_24, C4<0000000000>, C4<0000000000>, C4<0000000000>;
v0x58e084de4780_25 .array/port v0x58e084de4780, 25;
L_0x58e084de3190 .functor BUFZ 10, v0x58e084de4780_25, C4<0000000000>, C4<0000000000>, C4<0000000000>;
v0x58e084de4780_26 .array/port v0x58e084de4780, 26;
L_0x58e084de3340 .functor BUFZ 10, v0x58e084de4780_26, C4<0000000000>, C4<0000000000>, C4<0000000000>;
v0x58e084de4780_27 .array/port v0x58e084de4780, 27;
L_0x58e084de3410 .functor BUFZ 10, v0x58e084de4780_27, C4<0000000000>, C4<0000000000>, C4<0000000000>;
v0x58e084de4780_28 .array/port v0x58e084de4780, 28;
L_0x58e084de35d0 .functor BUFZ 10, v0x58e084de4780_28, C4<0000000000>, C4<0000000000>, C4<0000000000>;
v0x58e084de4780_29 .array/port v0x58e084de4780, 29;
L_0x58e084de36a0 .functor BUFZ 10, v0x58e084de4780_29, C4<0000000000>, C4<0000000000>, C4<0000000000>;
v0x58e084de4780_30 .array/port v0x58e084de4780, 30;
L_0x58e084de3770 .functor BUFZ 10, v0x58e084de4780_30, C4<0000000000>, C4<0000000000>, C4<0000000000>;
v0x58e084de4780_31 .array/port v0x58e084de4780, 31;
L_0x58e084e0a190 .functor BUFZ 10, v0x58e084de4780_31, C4<0000000000>, C4<0000000000>, C4<0000000000>;
v0x58e084de4780_32 .array/port v0x58e084de4780, 32;
L_0x58e084e0a310 .functor BUFZ 10, v0x58e084de4780_32, C4<0000000000>, C4<0000000000>, C4<0000000000>;
v0x58e084de4780_33 .array/port v0x58e084de4780, 33;
L_0x58e084e0a3e0 .functor BUFZ 10, v0x58e084de4780_33, C4<0000000000>, C4<0000000000>, C4<0000000000>;
v0x58e084de4780_34 .array/port v0x58e084de4780, 34;
L_0x58e084e0a5d0 .functor BUFZ 10, v0x58e084de4780_34, C4<0000000000>, C4<0000000000>, C4<0000000000>;
v0x58e084de4780_35 .array/port v0x58e084de4780, 35;
L_0x58e084e0a6a0 .functor BUFZ 10, v0x58e084de4780_35, C4<0000000000>, C4<0000000000>, C4<0000000000>;
v0x58e084de4780_36 .array/port v0x58e084de4780, 36;
L_0x58e084e0a4b0 .functor BUFZ 10, v0x58e084de4780_36, C4<0000000000>, C4<0000000000>, C4<0000000000>;
v0x58e084de4780_37 .array/port v0x58e084de4780, 37;
L_0x58e084e0a8a0 .functor BUFZ 10, v0x58e084de4780_37, C4<0000000000>, C4<0000000000>, C4<0000000000>;
v0x58e084de4780_38 .array/port v0x58e084de4780, 38;
L_0x58e084e0aa80 .functor BUFZ 10, v0x58e084de4780_38, C4<0000000000>, C4<0000000000>, C4<0000000000>;
v0x58e084de4780_39 .array/port v0x58e084de4780, 39;
L_0x58e084e0ab50 .functor BUFZ 10, v0x58e084de4780_39, C4<0000000000>, C4<0000000000>, C4<0000000000>;
v0x58e084de4780_40 .array/port v0x58e084de4780, 40;
L_0x58e084e0ad70 .functor BUFZ 10, v0x58e084de4780_40, C4<0000000000>, C4<0000000000>, C4<0000000000>;
v0x58e084de4780_41 .array/port v0x58e084de4780, 41;
L_0x58e084e0ae40 .functor BUFZ 10, v0x58e084de4780_41, C4<0000000000>, C4<0000000000>, C4<0000000000>;
v0x58e084de4780_42 .array/port v0x58e084de4780, 42;
L_0x58e084e0b070 .functor BUFZ 10, v0x58e084de4780_42, C4<0000000000>, C4<0000000000>, C4<0000000000>;
v0x58e084de4780_43 .array/port v0x58e084de4780, 43;
L_0x58e084e0b140 .functor BUFZ 10, v0x58e084de4780_43, C4<0000000000>, C4<0000000000>, C4<0000000000>;
v0x58e084de4780_44 .array/port v0x58e084de4780, 44;
L_0x58e084e0b380 .functor BUFZ 10, v0x58e084de4780_44, C4<0000000000>, C4<0000000000>, C4<0000000000>;
v0x58e084de4780_45 .array/port v0x58e084de4780, 45;
L_0x58e084e0b450 .functor BUFZ 10, v0x58e084de4780_45, C4<0000000000>, C4<0000000000>, C4<0000000000>;
v0x58e084de4780_46 .array/port v0x58e084de4780, 46;
L_0x58e084e0b6a0 .functor BUFZ 10, v0x58e084de4780_46, C4<0000000000>, C4<0000000000>, C4<0000000000>;
v0x58e084de4780_47 .array/port v0x58e084de4780, 47;
L_0x58e084e0b770 .functor BUFZ 10, v0x58e084de4780_47, C4<0000000000>, C4<0000000000>, C4<0000000000>;
v0x58e084de4780_48 .array/port v0x58e084de4780, 48;
L_0x58e084e0b9d0 .functor BUFZ 10, v0x58e084de4780_48, C4<0000000000>, C4<0000000000>, C4<0000000000>;
v0x58e084de4780_49 .array/port v0x58e084de4780, 49;
L_0x58e084e0baa0 .functor BUFZ 10, v0x58e084de4780_49, C4<0000000000>, C4<0000000000>, C4<0000000000>;
v0x58e084de4780_50 .array/port v0x58e084de4780, 50;
L_0x58e084e0bd10 .functor BUFZ 10, v0x58e084de4780_50, C4<0000000000>, C4<0000000000>, C4<0000000000>;
v0x58e084de4780_51 .array/port v0x58e084de4780, 51;
L_0x58e084e0bde0 .functor BUFZ 10, v0x58e084de4780_51, C4<0000000000>, C4<0000000000>, C4<0000000000>;
v0x58e084de4780_52 .array/port v0x58e084de4780, 52;
L_0x58e084e0c060 .functor BUFZ 10, v0x58e084de4780_52, C4<0000000000>, C4<0000000000>, C4<0000000000>;
v0x58e084de4780_53 .array/port v0x58e084de4780, 53;
L_0x58e084e0c130 .functor BUFZ 10, v0x58e084de4780_53, C4<0000000000>, C4<0000000000>, C4<0000000000>;
v0x58e084de4780_54 .array/port v0x58e084de4780, 54;
L_0x58e084e0c3c0 .functor BUFZ 10, v0x58e084de4780_54, C4<0000000000>, C4<0000000000>, C4<0000000000>;
v0x58e084de4780_55 .array/port v0x58e084de4780, 55;
L_0x58e084e0c490 .functor BUFZ 10, v0x58e084de4780_55, C4<0000000000>, C4<0000000000>, C4<0000000000>;
v0x58e084de4780_56 .array/port v0x58e084de4780, 56;
L_0x58e084e0c730 .functor BUFZ 10, v0x58e084de4780_56, C4<0000000000>, C4<0000000000>, C4<0000000000>;
v0x58e084de4780_57 .array/port v0x58e084de4780, 57;
L_0x58e084e0c800 .functor BUFZ 10, v0x58e084de4780_57, C4<0000000000>, C4<0000000000>, C4<0000000000>;
v0x58e084de4780_58 .array/port v0x58e084de4780, 58;
L_0x58e084e0cab0 .functor BUFZ 10, v0x58e084de4780_58, C4<0000000000>, C4<0000000000>, C4<0000000000>;
v0x58e084de4780_59 .array/port v0x58e084de4780, 59;
L_0x58e084e0cb80 .functor BUFZ 10, v0x58e084de4780_59, C4<0000000000>, C4<0000000000>, C4<0000000000>;
v0x58e084de4780_60 .array/port v0x58e084de4780, 60;
L_0x58e084e0ce40 .functor BUFZ 10, v0x58e084de4780_60, C4<0000000000>, C4<0000000000>, C4<0000000000>;
v0x58e084de4780_61 .array/port v0x58e084de4780, 61;
L_0x58e084e0cf10 .functor BUFZ 10, v0x58e084de4780_61, C4<0000000000>, C4<0000000000>, C4<0000000000>;
v0x58e084de4780_62 .array/port v0x58e084de4780, 62;
L_0x58e084e0d1e0 .functor BUFZ 10, v0x58e084de4780_62, C4<0000000000>, C4<0000000000>, C4<0000000000>;
v0x58e084de4480_0 .var "coeff_en", 0 0;
v0x58e084de4540_0 .var "en", 0 0;
v0x58e084de4610_0 .var "en_seq", 19 0;
v0x58e084de46e0_0 .var/str "file_path";
v0x58e084de4780 .array/s "filt_constants", 0 62, 9 0;
v0x58e084de5220_0 .var/i "fp", 31 0;
v0x58e084de5300_0 .var/i "fp2", 31 0;
v0x58e084de53e0_0 .var/i "i", 31 0;
v0x58e084de54c0_0 .var/s "in", 9 0;
v0x58e084de5580_0 .net/s "out", 9 0, v0x58e084de42c0_0;  1 drivers
v0x58e084de5650_0 .var "rst", 0 0;
v0x58e084de5720_0 .var "sample_clk", 0 0;
v0x58e084de57f0_0 .var/i "status", 31 0;
S_0x58e084dbc500 .scope begin, "$ivl_for_loop3" "$ivl_for_loop3" 3 103, 3 103 0, S_0x58e084dbe6b0;
 .timescale -9 -12;
v0x58e084d3f560_0 .var/2s "i", 31 0;
S_0x58e084d7af50 .scope module, "DUT" "FIR_63TAP" 3 14, 4 3 0, S_0x58e084dbe6b0;
 .timescale -9 -12;
    .port_info 0 /INPUT 10 "in";
    .port_info 1 /INPUT 630 "filt_constants";
    .port_info 2 /OUTPUT 10 "out";
    .port_info 3 /INPUT 1 "CLK";
    .port_info 4 /INPUT 1 "RSTN";
    .port_info 5 /INPUT 1 "EN";
    .port_info 6 /INPUT 1 "COEFF_EN";
v0x58e084de0af0_0 .net "CLK", 0 0, v0x58e084de5720_0;  1 drivers
v0x58e084de0bd0_0 .net "COEFF_EN", 0 0, v0x58e084de4480_0;  1 drivers
v0x58e084de0c90_0 .net "EN", 0 0, v0x58e084de4540_0;  1 drivers
v0x58e084de0d60_0 .net "RSTN", 0 0, v0x58e084de5650_0;  1 drivers
v0x58e084de0e20 .array/s "big_reg", 0 62, 9 0;
v0x58e084de1910 .array "filt_constants", 0 62;
v0x58e084de1910_0 .net/s v0x58e084de1910 0, 9 0, L_0x58e084de5d70; 1 drivers
v0x58e084de1910_1 .net/s v0x58e084de1910 1, 9 0, L_0x58e084de26e0; 1 drivers
v0x58e084de1910_2 .net/s v0x58e084de1910 2, 9 0, L_0x58e084de2780; 1 drivers
v0x58e084de1910_3 .net/s v0x58e084de1910 3, 9 0, L_0x58e084de2850; 1 drivers
v0x58e084de1910_4 .net/s v0x58e084de1910 4, 9 0, L_0x58e084de2950; 1 drivers
v0x58e084de1910_5 .net/s v0x58e084de1910 5, 9 0, L_0x58e084de2a20; 1 drivers
v0x58e084de1910_6 .net/s v0x58e084de1910 6, 9 0, L_0x58e084de2af0; 1 drivers
v0x58e084de1910_7 .net/s v0x58e084de1910 7, 9 0, L_0x58e084de2b90; 1 drivers
v0x58e084de1910_8 .net/s v0x58e084de1910 8, 9 0, L_0x58e084de2cb0; 1 drivers
v0x58e084de1910_9 .net/s v0x58e084de1910 9, 9 0, L_0x58e084de2d80; 1 drivers
v0x58e084de1910_10 .net/s v0x58e084de1910 10, 9 0, L_0x58e084de3b40; 1 drivers
v0x58e084de1910_11 .net/s v0x58e084de1910 11, 9 0, L_0x58e084de3c10; 1 drivers
v0x58e084de1910_12 .net/s v0x58e084de1910 12, 9 0, L_0x58e084de3d50; 1 drivers
v0x58e084de1910_13 .net/s v0x58e084de1910 13, 9 0, L_0x58e084de3e20; 1 drivers
v0x58e084de1910_14 .net/s v0x58e084de1910 14, 9 0, L_0x58e084de3ce0; 1 drivers
v0x58e084de1910_15 .net/s v0x58e084de1910 15, 9 0, L_0x58e084de3fd0; 1 drivers
v0x58e084de1910_16 .net/s v0x58e084de1910 16, 9 0, L_0x58e084de4130; 1 drivers
v0x58e084de1910_17 .net/s v0x58e084de1910 17, 9 0, L_0x58e084de4200; 1 drivers
v0x58e084de1910_18 .net/s v0x58e084de1910 18, 9 0, L_0x58e084de1200; 1 drivers
v0x58e084de1910_19 .net/s v0x58e084de1910 19, 9 0, L_0x58e084de12d0; 1 drivers
v0x58e084de1910_20 .net/s v0x58e084de1910 20, 9 0, L_0x58e084de1450; 1 drivers
v0x58e084de1910_21 .net/s v0x58e084de1910 21, 9 0, L_0x58e084de1520; 1 drivers
v0x58e084de1910_22 .net/s v0x58e084de1910 22, 9 0, L_0x58e084de16b0; 1 drivers
v0x58e084de1910_23 .net/s v0x58e084de1910 23, 9 0, L_0x58e084de1780; 1 drivers
v0x58e084de1910_24 .net/s v0x58e084de1910 24, 9 0, L_0x58e084de30c0; 1 drivers
v0x58e084de1910_25 .net/s v0x58e084de1910 25, 9 0, L_0x58e084de3190; 1 drivers
v0x58e084de1910_26 .net/s v0x58e084de1910 26, 9 0, L_0x58e084de3340; 1 drivers
v0x58e084de1910_27 .net/s v0x58e084de1910 27, 9 0, L_0x58e084de3410; 1 drivers
v0x58e084de1910_28 .net/s v0x58e084de1910 28, 9 0, L_0x58e084de35d0; 1 drivers
v0x58e084de1910_29 .net/s v0x58e084de1910 29, 9 0, L_0x58e084de36a0; 1 drivers
v0x58e084de1910_30 .net/s v0x58e084de1910 30, 9 0, L_0x58e084de3770; 1 drivers
v0x58e084de1910_31 .net/s v0x58e084de1910 31, 9 0, L_0x58e084e0a190; 1 drivers
v0x58e084de1910_32 .net/s v0x58e084de1910 32, 9 0, L_0x58e084e0a310; 1 drivers
v0x58e084de1910_33 .net/s v0x58e084de1910 33, 9 0, L_0x58e084e0a3e0; 1 drivers
v0x58e084de1910_34 .net/s v0x58e084de1910 34, 9 0, L_0x58e084e0a5d0; 1 drivers
v0x58e084de1910_35 .net/s v0x58e084de1910 35, 9 0, L_0x58e084e0a6a0; 1 drivers
v0x58e084de1910_36 .net/s v0x58e084de1910 36, 9 0, L_0x58e084e0a4b0; 1 drivers
v0x58e084de1910_37 .net/s v0x58e084de1910 37, 9 0, L_0x58e084e0a8a0; 1 drivers
v0x58e084de1910_38 .net/s v0x58e084de1910 38, 9 0, L_0x58e084e0aa80; 1 drivers
v0x58e084de1910_39 .net/s v0x58e084de1910 39, 9 0, L_0x58e084e0ab50; 1 drivers
v0x58e084de1910_40 .net/s v0x58e084de1910 40, 9 0, L_0x58e084e0ad70; 1 drivers
v0x58e084de1910_41 .net/s v0x58e084de1910 41, 9 0, L_0x58e084e0ae40; 1 drivers
v0x58e084de1910_42 .net/s v0x58e084de1910 42, 9 0, L_0x58e084e0b070; 1 drivers
v0x58e084de1910_43 .net/s v0x58e084de1910 43, 9 0, L_0x58e084e0b140; 1 drivers
v0x58e084de1910_44 .net/s v0x58e084de1910 44, 9 0, L_0x58e084e0b380; 1 drivers
v0x58e084de1910_45 .net/s v0x58e084de1910 45, 9 0, L_0x58e084e0b450; 1 drivers
v0x58e084de1910_46 .net/s v0x58e084de1910 46, 9 0, L_0x58e084e0b6a0; 1 drivers
v0x58e084de1910_47 .net/s v0x58e084de1910 47, 9 0, L_0x58e084e0b770; 1 drivers
v0x58e084de1910_48 .net/s v0x58e084de1910 48, 9 0, L_0x58e084e0b9d0; 1 drivers
v0x58e084de1910_49 .net/s v0x58e084de1910 49, 9 0, L_0x58e084e0baa0; 1 drivers
v0x58e084de1910_50 .net/s v0x58e084de1910 50, 9 0, L_0x58e084e0bd10; 1 drivers
v0x58e084de1910_51 .net/s v0x58e084de1910 51, 9 0, L_0x58e084e0bde0; 1 drivers
v0x58e084de1910_52 .net/s v0x58e084de1910 52, 9 0, L_0x58e084e0c060; 1 drivers
v0x58e084de1910_53 .net/s v0x58e084de1910 53, 9 0, L_0x58e084e0c130; 1 drivers
v0x58e084de1910_54 .net/s v0x58e084de1910 54, 9 0, L_0x58e084e0c3c0; 1 drivers
v0x58e084de1910_55 .net/s v0x58e084de1910 55, 9 0, L_0x58e084e0c490; 1 drivers
v0x58e084de1910_56 .net/s v0x58e084de1910 56, 9 0, L_0x58e084e0c730; 1 drivers
v0x58e084de1910_57 .net/s v0x58e084de1910 57, 9 0, L_0x58e084e0c800; 1 drivers
v0x58e084de1910_58 .net/s v0x58e084de1910 58, 9 0, L_0x58e084e0cab0; 1 drivers
v0x58e084de1910_59 .net/s v0x58e084de1910 59, 9 0, L_0x58e084e0cb80; 1 drivers
v0x58e084de1910_60 .net/s v0x58e084de1910 60, 9 0, L_0x58e084e0ce40; 1 drivers
v0x58e084de1910_61 .net/s v0x58e084de1910 61, 9 0, L_0x58e084e0cf10; 1 drivers
v0x58e084de1910_62 .net/s v0x58e084de1910 62, 9 0, L_0x58e084e0d1e0; 1 drivers
v0x58e084de23b0 .array/s "filt_consts", 0 62, 9 0;
v0x58e084de2e50_0 .net/s "in", 9 0, v0x58e084de54c0_0;  1 drivers
L_0x77a72b640018 .functor BUFT 1, C4<00000000000000000000000000>, C4<0>, C4<0>, C4<0>;
v0x58e084de2f30 .array "intermed", 0 63;
v0x58e084de2f30_0 .net/s v0x58e084de2f30 0, 25 0, L_0x77a72b640018; 1 drivers
v0x58e084de2f30_1 .net/s v0x58e084de2f30 1, 25 0, L_0x58e084de5cd0; 1 drivers
v0x58e084de2f30_2 .net/s v0x58e084de2f30 2, 25 0, L_0x58e084de6290; 1 drivers
v0x58e084de2f30_3 .net/s v0x58e084de2f30 3, 25 0, L_0x58e084de67d0; 1 drivers
v0x58e084de2f30_4 .net/s v0x58e084de2f30 4, 25 0, L_0x58e084de6ce0; 1 drivers
v0x58e084de2f30_5 .net/s v0x58e084de2f30 5, 25 0, L_0x58e084de71f0; 1 drivers
v0x58e084de2f30_6 .net/s v0x58e084de2f30 6, 25 0, L_0x58e084de7700; 1 drivers
v0x58e084de2f30_7 .net/s v0x58e084de2f30 7, 25 0, L_0x58e084de7c10; 1 drivers
v0x58e084de2f30_8 .net/s v0x58e084de2f30 8, 25 0, L_0x58e084de8150; 1 drivers
v0x58e084de2f30_9 .net/s v0x58e084de2f30 9, 25 0, L_0x58e084de8690; 1 drivers
v0x58e084de2f30_10 .net/s v0x58e084de2f30 10, 25 0, L_0x58e084de8b70; 1 drivers
v0x58e084de2f30_11 .net/s v0x58e084de2f30 11, 25 0, L_0x58e084de9080; 1 drivers
v0x58e084de2f30_12 .net/s v0x58e084de2f30 12, 25 0, L_0x58e084de9590; 1 drivers
v0x58e084de2f30_13 .net/s v0x58e084de2f30 13, 25 0, L_0x58e084de9ad0; 1 drivers
v0x58e084de2f30_14 .net/s v0x58e084de2f30 14, 25 0, L_0x58e084dea010; 1 drivers
v0x58e084de2f30_15 .net/s v0x58e084de2f30 15, 25 0, L_0x58e084dea550; 1 drivers
v0x58e084de2f30_16 .net/s v0x58e084de2f30 16, 25 0, L_0x58e084deaa60; 1 drivers
v0x58e084de2f30_17 .net/s v0x58e084de2f30 17, 25 0, L_0x58e084deaf70; 1 drivers
v0x58e084de2f30_18 .net/s v0x58e084de2f30 18, 25 0, L_0x58e084deb480; 1 drivers
v0x58e084de2f30_19 .net/s v0x58e084de2f30 19, 25 0, L_0x58e084deb990; 1 drivers
v0x58e084de2f30_20 .net/s v0x58e084de2f30 20, 25 0, L_0x58e084debea0; 1 drivers
v0x58e084de2f30_21 .net/s v0x58e084de2f30 21, 25 0, L_0x58e084dec3b0; 1 drivers
v0x58e084de2f30_22 .net/s v0x58e084de2f30 22, 25 0, L_0x58e084dec8c0; 1 drivers
v0x58e084de2f30_23 .net/s v0x58e084de2f30 23, 25 0, L_0x58e084decdd0; 1 drivers
v0x58e084de2f30_24 .net/s v0x58e084de2f30 24, 25 0, L_0x58e084ded2e0; 1 drivers
v0x58e084de2f30_25 .net/s v0x58e084de2f30 25, 25 0, L_0x58e084ded7f0; 1 drivers
v0x58e084de2f30_26 .net/s v0x58e084de2f30 26, 25 0, L_0x58e084dedd00; 1 drivers
v0x58e084de2f30_27 .net/s v0x58e084de2f30 27, 25 0, L_0x58e084dee240; 1 drivers
v0x58e084de2f30_28 .net/s v0x58e084de2f30 28, 25 0, L_0x58e084dee780; 1 drivers
v0x58e084de2f30_29 .net/s v0x58e084de2f30 29, 25 0, L_0x58e084deecc0; 1 drivers
v0x58e084de2f30_30 .net/s v0x58e084de2f30 30, 25 0, L_0x58e084def200; 1 drivers
v0x58e084de2f30_31 .net/s v0x58e084de2f30 31, 25 0, L_0x58e084def740; 1 drivers
v0x58e084de2f30_32 .net/s v0x58e084de2f30 32, 25 0, L_0x58e084defc80; 1 drivers
v0x58e084de2f30_33 .net/s v0x58e084de2f30 33, 25 0, L_0x58e084df01c0; 1 drivers
v0x58e084de2f30_34 .net/s v0x58e084de2f30 34, 25 0, L_0x58e084df0700; 1 drivers
v0x58e084de2f30_35 .net/s v0x58e084de2f30 35, 25 0, L_0x58e084df0c40; 1 drivers
v0x58e084de2f30_36 .net/s v0x58e084de2f30 36, 25 0, L_0x58e084df1180; 1 drivers
v0x58e084de2f30_37 .net/s v0x58e084de2f30 37, 25 0, L_0x58e084df16c0; 1 drivers
v0x58e084de2f30_38 .net/s v0x58e084de2f30 38, 25 0, L_0x58e084df1c00; 1 drivers
v0x58e084de2f30_39 .net/s v0x58e084de2f30 39, 25 0, L_0x58e084df2140; 1 drivers
v0x58e084de2f30_40 .net/s v0x58e084de2f30 40, 25 0, L_0x58e084df2680; 1 drivers
v0x58e084de2f30_41 .net/s v0x58e084de2f30 41, 25 0, L_0x58e084df2bc0; 1 drivers
v0x58e084de2f30_42 .net/s v0x58e084de2f30 42, 25 0, L_0x58e084df3100; 1 drivers
v0x58e084de2f30_43 .net/s v0x58e084de2f30 43, 25 0, L_0x58e084df3640; 1 drivers
v0x58e084de2f30_44 .net/s v0x58e084de2f30 44, 25 0, L_0x58e084df3b80; 1 drivers
v0x58e084de2f30_45 .net/s v0x58e084de2f30 45, 25 0, L_0x58e084df40c0; 1 drivers
v0x58e084de2f30_46 .net/s v0x58e084de2f30 46, 25 0, L_0x58e084df4600; 1 drivers
v0x58e084de2f30_47 .net/s v0x58e084de2f30 47, 25 0, L_0x58e084df4b40; 1 drivers
v0x58e084de2f30_48 .net/s v0x58e084de2f30 48, 25 0, L_0x58e084df5080; 1 drivers
v0x58e084de2f30_49 .net/s v0x58e084de2f30 49, 25 0, L_0x58e084df55c0; 1 drivers
v0x58e084de2f30_50 .net/s v0x58e084de2f30 50, 25 0, L_0x58e084df5b00; 1 drivers
v0x58e084de2f30_51 .net/s v0x58e084de2f30 51, 25 0, L_0x58e084df6040; 1 drivers
v0x58e084de2f30_52 .net/s v0x58e084de2f30 52, 25 0, L_0x58e084df6580; 1 drivers
v0x58e084de2f30_53 .net/s v0x58e084de2f30 53, 25 0, L_0x58e084df6ac0; 1 drivers
v0x58e084de2f30_54 .net/s v0x58e084de2f30 54, 25 0, L_0x58e084df7000; 1 drivers
v0x58e084de2f30_55 .net/s v0x58e084de2f30 55, 25 0, L_0x58e084df7540; 1 drivers
v0x58e084de2f30_56 .net/s v0x58e084de2f30 56, 25 0, L_0x58e084df7a80; 1 drivers
v0x58e084de2f30_57 .net/s v0x58e084de2f30 57, 25 0, L_0x58e084df7fc0; 1 drivers
v0x58e084de2f30_58 .net/s v0x58e084de2f30 58, 25 0, L_0x58e084df8500; 1 drivers
v0x58e084de2f30_59 .net/s v0x58e084de2f30 59, 25 0, L_0x58e084df8a40; 1 drivers
v0x58e084de2f30_60 .net/s v0x58e084de2f30 60, 25 0, L_0x58e084df8f80; 1 drivers
v0x58e084de2f30_61 .net/s v0x58e084de2f30 61, 25 0, L_0x58e084df94c0; 1 drivers
v0x58e084de2f30_62 .net/s v0x58e084de2f30 62, 25 0, L_0x58e084df9a00; 1 drivers
v0x58e084de2f30_63 .net/s v0x58e084de2f30 63, 25 0, L_0x58e084df9f40; 1 drivers
v0x58e084de37f0 .array "mult", 0 63;
v0x58e084de37f0_0 .net/s v0x58e084de37f0 0, 19 0, L_0x58e084de5a90; 1 drivers
v0x58e084de37f0_1 .net/s v0x58e084de37f0 1, 19 0, L_0x58e084de6000; 1 drivers
v0x58e084de37f0_2 .net/s v0x58e084de37f0 2, 19 0, L_0x58e084de6540; 1 drivers
v0x58e084de37f0_3 .net/s v0x58e084de37f0 3, 19 0, L_0x58e084de6a50; 1 drivers
v0x58e084de37f0_4 .net/s v0x58e084de37f0 4, 19 0, L_0x58e084de6f60; 1 drivers
v0x58e084de37f0_5 .net/s v0x58e084de37f0 5, 19 0, L_0x58e084de7470; 1 drivers
v0x58e084de37f0_6 .net/s v0x58e084de37f0 6, 19 0, L_0x58e084de7980; 1 drivers
v0x58e084de37f0_7 .net/s v0x58e084de37f0 7, 19 0, L_0x58e084de7ec0; 1 drivers
v0x58e084de37f0_8 .net/s v0x58e084de37f0 8, 19 0, L_0x58e084de8400; 1 drivers
v0x58e084de37f0_9 .net/s v0x58e084de37f0 9, 19 0, L_0x58e084de8910; 1 drivers
v0x58e084de37f0_10 .net/s v0x58e084de37f0 10, 19 0, L_0x58e084de8df0; 1 drivers
v0x58e084de37f0_11 .net/s v0x58e084de37f0 11, 19 0, L_0x58e084de9300; 1 drivers
v0x58e084de37f0_12 .net/s v0x58e084de37f0 12, 19 0, L_0x58e084de9840; 1 drivers
v0x58e084de37f0_13 .net/s v0x58e084de37f0 13, 19 0, L_0x58e084de9d80; 1 drivers
v0x58e084de37f0_14 .net/s v0x58e084de37f0 14, 19 0, L_0x58e084dea2c0; 1 drivers
v0x58e084de37f0_15 .net/s v0x58e084de37f0 15, 19 0, L_0x58e084dea7d0; 1 drivers
v0x58e084de37f0_16 .net/s v0x58e084de37f0 16, 19 0, L_0x58e084deace0; 1 drivers
v0x58e084de37f0_17 .net/s v0x58e084de37f0 17, 19 0, L_0x58e084deb1f0; 1 drivers
v0x58e084de37f0_18 .net/s v0x58e084de37f0 18, 19 0, L_0x58e084deb700; 1 drivers
v0x58e084de37f0_19 .net/s v0x58e084de37f0 19, 19 0, L_0x58e084debc10; 1 drivers
v0x58e084de37f0_20 .net/s v0x58e084de37f0 20, 19 0, L_0x58e084dec120; 1 drivers
v0x58e084de37f0_21 .net/s v0x58e084de37f0 21, 19 0, L_0x58e084dec630; 1 drivers
v0x58e084de37f0_22 .net/s v0x58e084de37f0 22, 19 0, L_0x58e084decb40; 1 drivers
v0x58e084de37f0_23 .net/s v0x58e084de37f0 23, 19 0, L_0x58e084ded050; 1 drivers
v0x58e084de37f0_24 .net/s v0x58e084de37f0 24, 19 0, L_0x58e084ded560; 1 drivers
v0x58e084de37f0_25 .net/s v0x58e084de37f0 25, 19 0, L_0x58e084deda70; 1 drivers
v0x58e084de37f0_26 .net/s v0x58e084de37f0 26, 19 0, L_0x58e084dedfb0; 1 drivers
v0x58e084de37f0_27 .net/s v0x58e084de37f0 27, 19 0, L_0x58e084dee4f0; 1 drivers
v0x58e084de37f0_28 .net/s v0x58e084de37f0 28, 19 0, L_0x58e084deea30; 1 drivers
v0x58e084de37f0_29 .net/s v0x58e084de37f0 29, 19 0, L_0x58e084deef70; 1 drivers
v0x58e084de37f0_30 .net/s v0x58e084de37f0 30, 19 0, L_0x58e084def4b0; 1 drivers
v0x58e084de37f0_31 .net/s v0x58e084de37f0 31, 19 0, L_0x58e084def9f0; 1 drivers
v0x58e084de37f0_32 .net/s v0x58e084de37f0 32, 19 0, L_0x58e084deff30; 1 drivers
v0x58e084de37f0_33 .net/s v0x58e084de37f0 33, 19 0, L_0x58e084df0470; 1 drivers
v0x58e084de37f0_34 .net/s v0x58e084de37f0 34, 19 0, L_0x58e084df09b0; 1 drivers
v0x58e084de37f0_35 .net/s v0x58e084de37f0 35, 19 0, L_0x58e084df0ef0; 1 drivers
v0x58e084de37f0_36 .net/s v0x58e084de37f0 36, 19 0, L_0x58e084df1430; 1 drivers
v0x58e084de37f0_37 .net/s v0x58e084de37f0 37, 19 0, L_0x58e084df1970; 1 drivers
v0x58e084de37f0_38 .net/s v0x58e084de37f0 38, 19 0, L_0x58e084df1eb0; 1 drivers
v0x58e084de37f0_39 .net/s v0x58e084de37f0 39, 19 0, L_0x58e084df23f0; 1 drivers
v0x58e084de37f0_40 .net/s v0x58e084de37f0 40, 19 0, L_0x58e084df2930; 1 drivers
v0x58e084de37f0_41 .net/s v0x58e084de37f0 41, 19 0, L_0x58e084df2e70; 1 drivers
v0x58e084de37f0_42 .net/s v0x58e084de37f0 42, 19 0, L_0x58e084df33b0; 1 drivers
v0x58e084de37f0_43 .net/s v0x58e084de37f0 43, 19 0, L_0x58e084df38f0; 1 drivers
v0x58e084de37f0_44 .net/s v0x58e084de37f0 44, 19 0, L_0x58e084df3e30; 1 drivers
v0x58e084de37f0_45 .net/s v0x58e084de37f0 45, 19 0, L_0x58e084df4370; 1 drivers
v0x58e084de37f0_46 .net/s v0x58e084de37f0 46, 19 0, L_0x58e084df48b0; 1 drivers
v0x58e084de37f0_47 .net/s v0x58e084de37f0 47, 19 0, L_0x58e084df4df0; 1 drivers
v0x58e084de37f0_48 .net/s v0x58e084de37f0 48, 19 0, L_0x58e084df5330; 1 drivers
v0x58e084de37f0_49 .net/s v0x58e084de37f0 49, 19 0, L_0x58e084df5870; 1 drivers
v0x58e084de37f0_50 .net/s v0x58e084de37f0 50, 19 0, L_0x58e084df5db0; 1 drivers
v0x58e084de37f0_51 .net/s v0x58e084de37f0 51, 19 0, L_0x58e084df62f0; 1 drivers
v0x58e084de37f0_52 .net/s v0x58e084de37f0 52, 19 0, L_0x58e084df6830; 1 drivers
v0x58e084de37f0_53 .net/s v0x58e084de37f0 53, 19 0, L_0x58e084df6d70; 1 drivers
v0x58e084de37f0_54 .net/s v0x58e084de37f0 54, 19 0, L_0x58e084df72b0; 1 drivers
v0x58e084de37f0_55 .net/s v0x58e084de37f0 55, 19 0, L_0x58e084df77f0; 1 drivers
v0x58e084de37f0_56 .net/s v0x58e084de37f0 56, 19 0, L_0x58e084df7d30; 1 drivers
v0x58e084de37f0_57 .net/s v0x58e084de37f0 57, 19 0, L_0x58e084df8270; 1 drivers
v0x58e084de37f0_58 .net/s v0x58e084de37f0 58, 19 0, L_0x58e084df87b0; 1 drivers
v0x58e084de37f0_59 .net/s v0x58e084de37f0 59, 19 0, L_0x58e084df8cf0; 1 drivers
v0x58e084de37f0_60 .net/s v0x58e084de37f0 60, 19 0, L_0x58e084df9230; 1 drivers
v0x58e084de37f0_61 .net/s v0x58e084de37f0 61, 19 0, L_0x58e084df9770; 1 drivers
v0x58e084de37f0_62 .net/s v0x58e084de37f0 62, 19 0, L_0x58e084df9cb0; 1 drivers
o0x77a72b68f078 .functor BUFZ 20, C4<zzzzzzzzzzzzzzzzzzzz>; HiZ drive
v0x58e084de37f0_63 .net/s v0x58e084de37f0 63, 19 0, o0x77a72b68f078; 0 drivers
v0x58e084de42c0_0 .var/s "out", 9 0;
E_0x58e084d26250/0 .event negedge, v0x58e084de0d60_0;
E_0x58e084d26250/1 .event posedge, v0x58e084de0af0_0;
E_0x58e084d26250 .event/or E_0x58e084d26250/0, E_0x58e084d26250/1;
S_0x58e084d77cc0 .scope begin, "$ivl_for_loop0" "$ivl_for_loop0" 4 21, 4 21 0, S_0x58e084d7af50;
 .timescale -9 -12;
v0x58e084d783b0_0 .var/2s "d", 31 0;
S_0x58e084d78e00 .scope begin, "$ivl_for_loop1" "$ivl_for_loop1" 4 30, 4 30 0, S_0x58e084d7af50;
 .timescale -9 -12;
v0x58e084d76200_0 .var/2s "d", 31 0;
S_0x58e084d75b70 .scope begin, "$ivl_for_loop2" "$ivl_for_loop2" 4 41, 4 41 0, S_0x58e084d7af50;
 .timescale -9 -12;
v0x58e084d76cb0_0 .var/2s "d", 31 0;
S_0x58e084d74040 .scope generate, "dsp01[0]" "dsp01[0]" 4 52, 4 52 0, S_0x58e084d7af50;
 .timescale -9 -12;
P_0x58e084d76e00 .param/l "t" 1 4 52, +C4<00>;
v0x58e084d73ab0_0 .net/s *"_ivl_11", 25 0, L_0x58e084de5bb0;  1 drivers
v0x58e084d74b60_0 .net/s *"_ivl_2", 19 0, L_0x58e084de5890;  1 drivers
v0x58e084d74c40_0 .net/s *"_ivl_5", 19 0, L_0x58e084de5990;  1 drivers
v0x58e084de0e20_62 .array/port v0x58e084de0e20, 62;
L_0x58e084de5890 .extend/s 20, v0x58e084de0e20_62;
v0x58e084de23b0_0 .array/port v0x58e084de23b0, 0;
L_0x58e084de5990 .extend/s 20, v0x58e084de23b0_0;
L_0x58e084de5a90 .arith/mult 20, L_0x58e084de5890, L_0x58e084de5990;
L_0x58e084de5bb0 .extend/s 26, L_0x58e084de5a90;
L_0x58e084de5cd0 .arith/sum 26, L_0x58e084de5bb0, L_0x77a72b640018;
S_0x58e084d71ef0 .scope generate, "dsp01[1]" "dsp01[1]" 4 52, 4 52 0, S_0x58e084d7af50;
 .timescale -9 -12;
P_0x58e084d71920 .param/l "t" 1 4 52, +C4<01>;
v0x58e084d71a00_0 .net/s *"_ivl_11", 25 0, L_0x58e084de6170;  1 drivers
v0x58e084d72a10_0 .net/s *"_ivl_2", 19 0, L_0x58e084de5e30;  1 drivers
v0x58e084d72ad0_0 .net/s *"_ivl_5", 19 0, L_0x58e084de5f00;  1 drivers
v0x58e084de0e20_61 .array/port v0x58e084de0e20, 61;
L_0x58e084de5e30 .extend/s 20, v0x58e084de0e20_61;
v0x58e084de23b0_1 .array/port v0x58e084de23b0, 1;
L_0x58e084de5f00 .extend/s 20, v0x58e084de23b0_1;
L_0x58e084de6000 .arith/mult 20, L_0x58e084de5e30, L_0x58e084de5f00;
L_0x58e084de6170 .extend/s 26, L_0x58e084de6000;
L_0x58e084de6290 .arith/sum 26, L_0x58e084de6170, L_0x58e084de5cd0;
S_0x58e084d6fda0 .scope generate, "dsp01[2]" "dsp01[2]" 4 52, 4 52 0, S_0x58e084d7af50;
 .timescale -9 -12;
P_0x58e084d6f780 .param/l "t" 1 4 52, +C4<010>;
v0x58e084d6f840_0 .net/s *"_ivl_11", 25 0, L_0x58e084de66b0;  1 drivers
v0x58e084d708c0_0 .net/s *"_ivl_2", 19 0, L_0x58e084de63d0;  1 drivers
v0x58e084d709a0_0 .net/s *"_ivl_5", 19 0, L_0x58e084de6470;  1 drivers
v0x58e084de0e20_60 .array/port v0x58e084de0e20, 60;
L_0x58e084de63d0 .extend/s 20, v0x58e084de0e20_60;
v0x58e084de23b0_2 .array/port v0x58e084de23b0, 2;
L_0x58e084de6470 .extend/s 20, v0x58e084de23b0_2;
L_0x58e084de6540 .arith/mult 20, L_0x58e084de63d0, L_0x58e084de6470;
L_0x58e084de66b0 .extend/s 26, L_0x58e084de6540;
L_0x58e084de67d0 .arith/sum 26, L_0x58e084de66b0, L_0x58e084de6290;
S_0x58e084d6dc50 .scope generate, "dsp01[3]" "dsp01[3]" 4 52, 4 52 0, S_0x58e084d7af50;
 .timescale -9 -12;
P_0x58e084d6d6a0 .param/l "t" 1 4 52, +C4<011>;
v0x58e084d6e770_0 .net/s *"_ivl_11", 25 0, L_0x58e084de6bc0;  1 drivers
v0x58e084d6e850_0 .net/s *"_ivl_2", 19 0, L_0x58e084de6910;  1 drivers
v0x58e084d6bb00_0 .net/s *"_ivl_5", 19 0, L_0x58e084de69b0;  1 drivers
v0x58e084de0e20_59 .array/port v0x58e084de0e20, 59;
L_0x58e084de6910 .extend/s 20, v0x58e084de0e20_59;
v0x58e084de23b0_3 .array/port v0x58e084de23b0, 3;
L_0x58e084de69b0 .extend/s 20, v0x58e084de23b0_3;
L_0x58e084de6a50 .arith/mult 20, L_0x58e084de6910, L_0x58e084de69b0;
L_0x58e084de6bc0 .extend/s 26, L_0x58e084de6a50;
L_0x58e084de6ce0 .arith/sum 26, L_0x58e084de6bc0, L_0x58e084de67d0;
S_0x58e084d6b4e0 .scope generate, "dsp01[4]" "dsp01[4]" 4 52, 4 52 0, S_0x58e084d7af50;
 .timescale -9 -12;
P_0x58e084d6bbc0 .param/l "t" 1 4 52, +C4<0100>;
v0x58e084d6c620_0 .net/s *"_ivl_11", 25 0, L_0x58e084de70d0;  1 drivers
v0x58e084d6c700_0 .net/s *"_ivl_2", 19 0, L_0x58e084de6e20;  1 drivers
v0x58e084d699b0_0 .net/s *"_ivl_5", 19 0, L_0x58e084de6ec0;  1 drivers
v0x58e084de0e20_58 .array/port v0x58e084de0e20, 58;
L_0x58e084de6e20 .extend/s 20, v0x58e084de0e20_58;
v0x58e084de23b0_4 .array/port v0x58e084de23b0, 4;
L_0x58e084de6ec0 .extend/s 20, v0x58e084de23b0_4;
L_0x58e084de6f60 .arith/mult 20, L_0x58e084de6e20, L_0x58e084de6ec0;
L_0x58e084de70d0 .extend/s 26, L_0x58e084de6f60;
L_0x58e084de71f0 .arith/sum 26, L_0x58e084de70d0, L_0x58e084de6ce0;
S_0x58e084d69390 .scope generate, "dsp01[5]" "dsp01[5]" 4 52, 4 52 0, S_0x58e084d7af50;
 .timescale -9 -12;
P_0x58e084d718d0 .param/l "t" 1 4 52, +C4<0101>;
v0x58e084d6a4d0_0 .net/s *"_ivl_11", 25 0, L_0x58e084de75e0;  1 drivers
v0x58e084d6a5b0_0 .net/s *"_ivl_2", 19 0, L_0x58e084de7330;  1 drivers
v0x58e084d67860_0 .net/s *"_ivl_5", 19 0, L_0x58e084de73d0;  1 drivers
v0x58e084de0e20_57 .array/port v0x58e084de0e20, 57;
L_0x58e084de7330 .extend/s 20, v0x58e084de0e20_57;
v0x58e084de23b0_5 .array/port v0x58e084de23b0, 5;
L_0x58e084de73d0 .extend/s 20, v0x58e084de23b0_5;
L_0x58e084de7470 .arith/mult 20, L_0x58e084de7330, L_0x58e084de73d0;
L_0x58e084de75e0 .extend/s 26, L_0x58e084de7470;
L_0x58e084de7700 .arith/sum 26, L_0x58e084de75e0, L_0x58e084de71f0;
S_0x58e084d67240 .scope generate, "dsp01[6]" "dsp01[6]" 4 52, 4 52 0, S_0x58e084d7af50;
 .timescale -9 -12;
P_0x58e084d67990 .param/l "t" 1 4 52, +C4<0110>;
v0x58e084d68380_0 .net/s *"_ivl_11", 25 0, L_0x58e084de7af0;  1 drivers
v0x58e084d68480_0 .net/s *"_ivl_2", 19 0, L_0x58e084de7840;  1 drivers
v0x58e084d65710_0 .net/s *"_ivl_5", 19 0, L_0x58e084de78e0;  1 drivers
v0x58e084de0e20_56 .array/port v0x58e084de0e20, 56;
L_0x58e084de7840 .extend/s 20, v0x58e084de0e20_56;
v0x58e084de23b0_6 .array/port v0x58e084de23b0, 6;
L_0x58e084de78e0 .extend/s 20, v0x58e084de23b0_6;
L_0x58e084de7980 .arith/mult 20, L_0x58e084de7840, L_0x58e084de78e0;
L_0x58e084de7af0 .extend/s 26, L_0x58e084de7980;
L_0x58e084de7c10 .arith/sum 26, L_0x58e084de7af0, L_0x58e084de7700;
S_0x58e084d650f0 .scope generate, "dsp01[7]" "dsp01[7]" 4 52, 4 52 0, S_0x58e084d7af50;
 .timescale -9 -12;
P_0x58e084d65860 .param/l "t" 1 4 52, +C4<0111>;
v0x58e084d662c0_0 .net/s *"_ivl_11", 25 0, L_0x58e084de8030;  1 drivers
v0x58e084d635c0_0 .net/s *"_ivl_2", 19 0, L_0x58e084de7d50;  1 drivers
v0x58e084d636a0_0 .net/s *"_ivl_5", 19 0, L_0x58e084de7df0;  1 drivers
v0x58e084de0e20_55 .array/port v0x58e084de0e20, 55;
L_0x58e084de7d50 .extend/s 20, v0x58e084de0e20_55;
v0x58e084de23b0_7 .array/port v0x58e084de23b0, 7;
L_0x58e084de7df0 .extend/s 20, v0x58e084de23b0_7;
L_0x58e084de7ec0 .arith/mult 20, L_0x58e084de7d50, L_0x58e084de7df0;
L_0x58e084de8030 .extend/s 26, L_0x58e084de7ec0;
L_0x58e084de8150 .arith/sum 26, L_0x58e084de8030, L_0x58e084de7c10;
S_0x58e084d62fa0 .scope generate, "dsp01[8]" "dsp01[8]" 4 52, 4 52 0, S_0x58e084d7af50;
 .timescale -9 -12;
P_0x58e084d640e0 .param/l "t" 1 4 52, +C4<01000>;
v0x58e084d641c0_0 .net/s *"_ivl_11", 25 0, L_0x58e084de8570;  1 drivers
v0x58e084d61470_0 .net/s *"_ivl_2", 19 0, L_0x58e084de8290;  1 drivers
v0x58e084d61550_0 .net/s *"_ivl_5", 19 0, L_0x58e084de8330;  1 drivers
v0x58e084de0e20_54 .array/port v0x58e084de0e20, 54;
L_0x58e084de8290 .extend/s 20, v0x58e084de0e20_54;
v0x58e084de23b0_8 .array/port v0x58e084de23b0, 8;
L_0x58e084de8330 .extend/s 20, v0x58e084de23b0_8;
L_0x58e084de8400 .arith/mult 20, L_0x58e084de8290, L_0x58e084de8330;
L_0x58e084de8570 .extend/s 26, L_0x58e084de8400;
L_0x58e084de8690 .arith/sum 26, L_0x58e084de8570, L_0x58e084de8150;
S_0x58e084d60e50 .scope generate, "dsp01[9]" "dsp01[9]" 4 52, 4 52 0, S_0x58e084d7af50;
 .timescale -9 -12;
P_0x58e084d62000 .param/l "t" 1 4 52, +C4<01001>;
v0x58e084d5f320_0 .net/s *"_ivl_11", 25 0, L_0x58e084de8a50;  1 drivers
v0x58e084d5f400_0 .net/s *"_ivl_2", 19 0, L_0x58e084de87d0;  1 drivers
v0x58e084d5ed00_0 .net/s *"_ivl_5", 19 0, L_0x58e084de8870;  1 drivers
v0x58e084de0e20_53 .array/port v0x58e084de0e20, 53;
L_0x58e084de87d0 .extend/s 20, v0x58e084de0e20_53;
v0x58e084de23b0_9 .array/port v0x58e084de23b0, 9;
L_0x58e084de8870 .extend/s 20, v0x58e084de23b0_9;
L_0x58e084de8910 .arith/mult 20, L_0x58e084de87d0, L_0x58e084de8870;
L_0x58e084de8a50 .extend/s 26, L_0x58e084de8910;
L_0x58e084de8b70 .arith/sum 26, L_0x58e084de8a50, L_0x58e084de8690;
S_0x58e084d5fe40 .scope generate, "dsp01[10]" "dsp01[10]" 4 52, 4 52 0, S_0x58e084d7af50;
 .timescale -9 -12;
P_0x58e084d5edc0 .param/l "t" 1 4 52, +C4<01010>;
v0x58e084d5d1d0_0 .net/s *"_ivl_11", 25 0, L_0x58e084de8f60;  1 drivers
v0x58e084d5d2b0_0 .net/s *"_ivl_2", 19 0, L_0x58e084de8cb0;  1 drivers
v0x58e084d5cbb0_0 .net/s *"_ivl_5", 19 0, L_0x58e084de8d50;  1 drivers
v0x58e084de0e20_52 .array/port v0x58e084de0e20, 52;
L_0x58e084de8cb0 .extend/s 20, v0x58e084de0e20_52;
v0x58e084de23b0_10 .array/port v0x58e084de23b0, 10;
L_0x58e084de8d50 .extend/s 20, v0x58e084de23b0_10;
L_0x58e084de8df0 .arith/mult 20, L_0x58e084de8cb0, L_0x58e084de8d50;
L_0x58e084de8f60 .extend/s 26, L_0x58e084de8df0;
L_0x58e084de9080 .arith/sum 26, L_0x58e084de8f60, L_0x58e084de8b70;
S_0x58e084d5dcf0 .scope generate, "dsp01[11]" "dsp01[11]" 4 52, 4 52 0, S_0x58e084d7af50;
 .timescale -9 -12;
P_0x58e084d5cce0 .param/l "t" 1 4 52, +C4<01011>;
v0x58e084d5b080_0 .net/s *"_ivl_11", 25 0, L_0x58e084de9470;  1 drivers
v0x58e084d5b160_0 .net/s *"_ivl_2", 19 0, L_0x58e084de91c0;  1 drivers
v0x58e084d5aa60_0 .net/s *"_ivl_5", 19 0, L_0x58e084de9260;  1 drivers
v0x58e084de0e20_51 .array/port v0x58e084de0e20, 51;
L_0x58e084de91c0 .extend/s 20, v0x58e084de0e20_51;
v0x58e084de23b0_11 .array/port v0x58e084de23b0, 11;
L_0x58e084de9260 .extend/s 20, v0x58e084de23b0_11;
L_0x58e084de9300 .arith/mult 20, L_0x58e084de91c0, L_0x58e084de9260;
L_0x58e084de9470 .extend/s 26, L_0x58e084de9300;
L_0x58e084de9590 .arith/sum 26, L_0x58e084de9470, L_0x58e084de9080;
S_0x58e084d5bba0 .scope generate, "dsp01[12]" "dsp01[12]" 4 52, 4 52 0, S_0x58e084d7af50;
 .timescale -9 -12;
P_0x58e084d5abc0 .param/l "t" 1 4 52, +C4<01100>;
v0x58e084d58fa0_0 .net/s *"_ivl_11", 25 0, L_0x58e084de99b0;  1 drivers
v0x58e084d58910_0 .net/s *"_ivl_2", 19 0, L_0x58e084de96d0;  1 drivers
v0x58e084d589f0_0 .net/s *"_ivl_5", 19 0, L_0x58e084de9770;  1 drivers
v0x58e084de0e20_50 .array/port v0x58e084de0e20, 50;
L_0x58e084de96d0 .extend/s 20, v0x58e084de0e20_50;
v0x58e084de23b0_12 .array/port v0x58e084de23b0, 12;
L_0x58e084de9770 .extend/s 20, v0x58e084de23b0_12;
L_0x58e084de9840 .arith/mult 20, L_0x58e084de96d0, L_0x58e084de9770;
L_0x58e084de99b0 .extend/s 26, L_0x58e084de9840;
L_0x58e084de9ad0 .arith/sum 26, L_0x58e084de99b0, L_0x58e084de9590;
S_0x58e084d59a50 .scope generate, "dsp01[13]" "dsp01[13]" 4 52, 4 52 0, S_0x58e084d7af50;
 .timescale -9 -12;
P_0x58e084d59080 .param/l "t" 1 4 52, +C4<01101>;
v0x58e084d56e70_0 .net/s *"_ivl_11", 25 0, L_0x58e084de9ef0;  1 drivers
v0x58e084d567c0_0 .net/s *"_ivl_2", 19 0, L_0x58e084de9c10;  1 drivers
v0x58e084d568a0_0 .net/s *"_ivl_5", 19 0, L_0x58e084de9cb0;  1 drivers
v0x58e084de0e20_49 .array/port v0x58e084de0e20, 49;
L_0x58e084de9c10 .extend/s 20, v0x58e084de0e20_49;
v0x58e084de23b0_13 .array/port v0x58e084de23b0, 13;
L_0x58e084de9cb0 .extend/s 20, v0x58e084de23b0_13;
L_0x58e084de9d80 .arith/mult 20, L_0x58e084de9c10, L_0x58e084de9cb0;
L_0x58e084de9ef0 .extend/s 26, L_0x58e084de9d80;
L_0x58e084dea010 .arith/sum 26, L_0x58e084de9ef0, L_0x58e084de9ad0;
S_0x58e084d57900 .scope generate, "dsp01[14]" "dsp01[14]" 4 52, 4 52 0, S_0x58e084d7af50;
 .timescale -9 -12;
P_0x58e084d54c90 .param/l "t" 1 4 52, +C4<01110>;
v0x58e084d54d70_0 .net/s *"_ivl_11", 25 0, L_0x58e084dea430;  1 drivers
v0x58e084d54670_0 .net/s *"_ivl_2", 19 0, L_0x58e084dea150;  1 drivers
v0x58e084d54750_0 .net/s *"_ivl_5", 19 0, L_0x58e084dea1f0;  1 drivers
v0x58e084de0e20_48 .array/port v0x58e084de0e20, 48;
L_0x58e084dea150 .extend/s 20, v0x58e084de0e20_48;
v0x58e084de23b0_14 .array/port v0x58e084de23b0, 14;
L_0x58e084dea1f0 .extend/s 20, v0x58e084de23b0_14;
L_0x58e084dea2c0 .arith/mult 20, L_0x58e084dea150, L_0x58e084dea1f0;
L_0x58e084dea430 .extend/s 26, L_0x58e084dea2c0;
L_0x58e084dea550 .arith/sum 26, L_0x58e084dea430, L_0x58e084dea010;
S_0x58e084d557b0 .scope generate, "dsp01[15]" "dsp01[15]" 4 52, 4 52 0, S_0x58e084d7af50;
 .timescale -9 -12;
P_0x58e084d52b40 .param/l "t" 1 4 52, +C4<01111>;
v0x58e084d52c20_0 .net/s *"_ivl_11", 25 0, L_0x58e084dea940;  1 drivers
v0x58e084d52520_0 .net/s *"_ivl_2", 19 0, L_0x58e084dea690;  1 drivers
v0x58e084d52600_0 .net/s *"_ivl_5", 19 0, L_0x58e084dea730;  1 drivers
v0x58e084de0e20_47 .array/port v0x58e084de0e20, 47;
L_0x58e084dea690 .extend/s 20, v0x58e084de0e20_47;
v0x58e084de23b0_15 .array/port v0x58e084de23b0, 15;
L_0x58e084dea730 .extend/s 20, v0x58e084de23b0_15;
L_0x58e084dea7d0 .arith/mult 20, L_0x58e084dea690, L_0x58e084dea730;
L_0x58e084dea940 .extend/s 26, L_0x58e084dea7d0;
L_0x58e084deaa60 .arith/sum 26, L_0x58e084dea940, L_0x58e084dea550;
S_0x58e084d53660 .scope generate, "dsp01[16]" "dsp01[16]" 4 52, 4 52 0, S_0x58e084d7af50;
 .timescale -9 -12;
P_0x58e084d509f0 .param/l "t" 1 4 52, +C4<010000>;
v0x58e084d50ad0_0 .net/s *"_ivl_11", 25 0, L_0x58e084deae50;  1 drivers
v0x58e084d503d0_0 .net/s *"_ivl_2", 19 0, L_0x58e084deaba0;  1 drivers
v0x58e084d504b0_0 .net/s *"_ivl_5", 19 0, L_0x58e084deac40;  1 drivers
v0x58e084de0e20_46 .array/port v0x58e084de0e20, 46;
L_0x58e084deaba0 .extend/s 20, v0x58e084de0e20_46;
v0x58e084de23b0_16 .array/port v0x58e084de23b0, 16;
L_0x58e084deac40 .extend/s 20, v0x58e084de23b0_16;
L_0x58e084deace0 .arith/mult 20, L_0x58e084deaba0, L_0x58e084deac40;
L_0x58e084deae50 .extend/s 26, L_0x58e084deace0;
L_0x58e084deaf70 .arith/sum 26, L_0x58e084deae50, L_0x58e084deaa60;
S_0x58e084d51510 .scope generate, "dsp01[17]" "dsp01[17]" 4 52, 4 52 0, S_0x58e084d7af50;
 .timescale -9 -12;
P_0x58e084d4e8a0 .param/l "t" 1 4 52, +C4<010001>;
v0x58e084d4e980_0 .net/s *"_ivl_11", 25 0, L_0x58e084deb360;  1 drivers
v0x58e084d4e280_0 .net/s *"_ivl_2", 19 0, L_0x58e084deb0b0;  1 drivers
v0x58e084d4e360_0 .net/s *"_ivl_5", 19 0, L_0x58e084deb150;  1 drivers
v0x58e084de0e20_45 .array/port v0x58e084de0e20, 45;
L_0x58e084deb0b0 .extend/s 20, v0x58e084de0e20_45;
v0x58e084de23b0_17 .array/port v0x58e084de23b0, 17;
L_0x58e084deb150 .extend/s 20, v0x58e084de23b0_17;
L_0x58e084deb1f0 .arith/mult 20, L_0x58e084deb0b0, L_0x58e084deb150;
L_0x58e084deb360 .extend/s 26, L_0x58e084deb1f0;
L_0x58e084deb480 .arith/sum 26, L_0x58e084deb360, L_0x58e084deaf70;
S_0x58e084d4f3c0 .scope generate, "dsp01[18]" "dsp01[18]" 4 52, 4 52 0, S_0x58e084d7af50;
 .timescale -9 -12;
P_0x58e084d4c750 .param/l "t" 1 4 52, +C4<010010>;
v0x58e084d4c830_0 .net/s *"_ivl_11", 25 0, L_0x58e084deb870;  1 drivers
v0x58e084d4c130_0 .net/s *"_ivl_2", 19 0, L_0x58e084deb5c0;  1 drivers
v0x58e084d4c210_0 .net/s *"_ivl_5", 19 0, L_0x58e084deb660;  1 drivers
v0x58e084de0e20_44 .array/port v0x58e084de0e20, 44;
L_0x58e084deb5c0 .extend/s 20, v0x58e084de0e20_44;
v0x58e084de23b0_18 .array/port v0x58e084de23b0, 18;
L_0x58e084deb660 .extend/s 20, v0x58e084de23b0_18;
L_0x58e084deb700 .arith/mult 20, L_0x58e084deb5c0, L_0x58e084deb660;
L_0x58e084deb870 .extend/s 26, L_0x58e084deb700;
L_0x58e084deb990 .arith/sum 26, L_0x58e084deb870, L_0x58e084deb480;
S_0x58e084d4d270 .scope generate, "dsp01[19]" "dsp01[19]" 4 52, 4 52 0, S_0x58e084d7af50;
 .timescale -9 -12;
P_0x58e084d4a600 .param/l "t" 1 4 52, +C4<010011>;
v0x58e084d4a6e0_0 .net/s *"_ivl_11", 25 0, L_0x58e084debd80;  1 drivers
v0x58e084d49fe0_0 .net/s *"_ivl_2", 19 0, L_0x58e084debad0;  1 drivers
v0x58e084d4a0c0_0 .net/s *"_ivl_5", 19 0, L_0x58e084debb70;  1 drivers
v0x58e084de0e20_43 .array/port v0x58e084de0e20, 43;
L_0x58e084debad0 .extend/s 20, v0x58e084de0e20_43;
v0x58e084de23b0_19 .array/port v0x58e084de23b0, 19;
L_0x58e084debb70 .extend/s 20, v0x58e084de23b0_19;
L_0x58e084debc10 .arith/mult 20, L_0x58e084debad0, L_0x58e084debb70;
L_0x58e084debd80 .extend/s 26, L_0x58e084debc10;
L_0x58e084debea0 .arith/sum 26, L_0x58e084debd80, L_0x58e084deb990;
S_0x58e084d4b120 .scope generate, "dsp01[20]" "dsp01[20]" 4 52, 4 52 0, S_0x58e084d7af50;
 .timescale -9 -12;
P_0x58e084d484b0 .param/l "t" 1 4 52, +C4<010100>;
v0x58e084d48590_0 .net/s *"_ivl_11", 25 0, L_0x58e084dec290;  1 drivers
v0x58e084d47e90_0 .net/s *"_ivl_2", 19 0, L_0x58e084debfe0;  1 drivers
v0x58e084d47f70_0 .net/s *"_ivl_5", 19 0, L_0x58e084dec080;  1 drivers
v0x58e084de0e20_42 .array/port v0x58e084de0e20, 42;
L_0x58e084debfe0 .extend/s 20, v0x58e084de0e20_42;
v0x58e084de23b0_20 .array/port v0x58e084de23b0, 20;
L_0x58e084dec080 .extend/s 20, v0x58e084de23b0_20;
L_0x58e084dec120 .arith/mult 20, L_0x58e084debfe0, L_0x58e084dec080;
L_0x58e084dec290 .extend/s 26, L_0x58e084dec120;
L_0x58e084dec3b0 .arith/sum 26, L_0x58e084dec290, L_0x58e084debea0;
S_0x58e084d48fd0 .scope generate, "dsp01[21]" "dsp01[21]" 4 52, 4 52 0, S_0x58e084d7af50;
 .timescale -9 -12;
P_0x58e084d46360 .param/l "t" 1 4 52, +C4<010101>;
v0x58e084d46440_0 .net/s *"_ivl_11", 25 0, L_0x58e084dec7a0;  1 drivers
v0x58e084d45d40_0 .net/s *"_ivl_2", 19 0, L_0x58e084dec4f0;  1 drivers
v0x58e084d45e20_0 .net/s *"_ivl_5", 19 0, L_0x58e084dec590;  1 drivers
v0x58e084de0e20_41 .array/port v0x58e084de0e20, 41;
L_0x58e084dec4f0 .extend/s 20, v0x58e084de0e20_41;
v0x58e084de23b0_21 .array/port v0x58e084de23b0, 21;
L_0x58e084dec590 .extend/s 20, v0x58e084de23b0_21;
L_0x58e084dec630 .arith/mult 20, L_0x58e084dec4f0, L_0x58e084dec590;
L_0x58e084dec7a0 .extend/s 26, L_0x58e084dec630;
L_0x58e084dec8c0 .arith/sum 26, L_0x58e084dec7a0, L_0x58e084dec3b0;
S_0x58e084d46e80 .scope generate, "dsp01[22]" "dsp01[22]" 4 52, 4 52 0, S_0x58e084d7af50;
 .timescale -9 -12;
P_0x58e084d44210 .param/l "t" 1 4 52, +C4<010110>;
v0x58e084d442f0_0 .net/s *"_ivl_11", 25 0, L_0x58e084deccb0;  1 drivers
v0x58e084d43bf0_0 .net/s *"_ivl_2", 19 0, L_0x58e084deca00;  1 drivers
v0x58e084d43cd0_0 .net/s *"_ivl_5", 19 0, L_0x58e084decaa0;  1 drivers
v0x58e084de0e20_40 .array/port v0x58e084de0e20, 40;
L_0x58e084deca00 .extend/s 20, v0x58e084de0e20_40;
v0x58e084de23b0_22 .array/port v0x58e084de23b0, 22;
L_0x58e084decaa0 .extend/s 20, v0x58e084de23b0_22;
L_0x58e084decb40 .arith/mult 20, L_0x58e084deca00, L_0x58e084decaa0;
L_0x58e084deccb0 .extend/s 26, L_0x58e084decb40;
L_0x58e084decdd0 .arith/sum 26, L_0x58e084deccb0, L_0x58e084dec8c0;
S_0x58e084d44d30 .scope generate, "dsp01[23]" "dsp01[23]" 4 52, 4 52 0, S_0x58e084d7af50;
 .timescale -9 -12;
P_0x58e084d420c0 .param/l "t" 1 4 52, +C4<010111>;
v0x58e084d421a0_0 .net/s *"_ivl_11", 25 0, L_0x58e084ded1c0;  1 drivers
v0x58e084d41aa0_0 .net/s *"_ivl_2", 19 0, L_0x58e084decf10;  1 drivers
v0x58e084d41b80_0 .net/s *"_ivl_5", 19 0, L_0x58e084decfb0;  1 drivers
v0x58e084de0e20_39 .array/port v0x58e084de0e20, 39;
L_0x58e084decf10 .extend/s 20, v0x58e084de0e20_39;
v0x58e084de23b0_23 .array/port v0x58e084de23b0, 23;
L_0x58e084decfb0 .extend/s 20, v0x58e084de23b0_23;
L_0x58e084ded050 .arith/mult 20, L_0x58e084decf10, L_0x58e084decfb0;
L_0x58e084ded1c0 .extend/s 26, L_0x58e084ded050;
L_0x58e084ded2e0 .arith/sum 26, L_0x58e084ded1c0, L_0x58e084decdd0;
S_0x58e084d42be0 .scope generate, "dsp01[24]" "dsp01[24]" 4 52, 4 52 0, S_0x58e084d7af50;
 .timescale -9 -12;
P_0x58e084d3ff70 .param/l "t" 1 4 52, +C4<011000>;
v0x58e084d40050_0 .net/s *"_ivl_11", 25 0, L_0x58e084ded6d0;  1 drivers
v0x58e084d3f950_0 .net/s *"_ivl_2", 19 0, L_0x58e084ded420;  1 drivers
v0x58e084d3fa30_0 .net/s *"_ivl_5", 19 0, L_0x58e084ded4c0;  1 drivers
v0x58e084de0e20_38 .array/port v0x58e084de0e20, 38;
L_0x58e084ded420 .extend/s 20, v0x58e084de0e20_38;
v0x58e084de23b0_24 .array/port v0x58e084de23b0, 24;
L_0x58e084ded4c0 .extend/s 20, v0x58e084de23b0_24;
L_0x58e084ded560 .arith/mult 20, L_0x58e084ded420, L_0x58e084ded4c0;
L_0x58e084ded6d0 .extend/s 26, L_0x58e084ded560;
L_0x58e084ded7f0 .arith/sum 26, L_0x58e084ded6d0, L_0x58e084ded2e0;
S_0x58e084d40a90 .scope generate, "dsp01[25]" "dsp01[25]" 4 52, 4 52 0, S_0x58e084d7af50;
 .timescale -9 -12;
P_0x58e084d27720 .param/l "t" 1 4 52, +C4<011001>;
v0x58e084d27800_0 .net/s *"_ivl_11", 25 0, L_0x58e084dedbe0;  1 drivers
v0x58e084d278e0_0 .net/s *"_ivl_2", 19 0, L_0x58e084ded930;  1 drivers
v0x58e084d279c0_0 .net/s *"_ivl_5", 19 0, L_0x58e084ded9d0;  1 drivers
v0x58e084de0e20_37 .array/port v0x58e084de0e20, 37;
L_0x58e084ded930 .extend/s 20, v0x58e084de0e20_37;
v0x58e084de23b0_25 .array/port v0x58e084de23b0, 25;
L_0x58e084ded9d0 .extend/s 20, v0x58e084de23b0_25;
L_0x58e084deda70 .arith/mult 20, L_0x58e084ded930, L_0x58e084ded9d0;
L_0x58e084dedbe0 .extend/s 26, L_0x58e084deda70;
L_0x58e084dedd00 .arith/sum 26, L_0x58e084dedbe0, L_0x58e084ded7f0;
S_0x58e084ce5490 .scope generate, "dsp01[26]" "dsp01[26]" 4 52, 4 52 0, S_0x58e084d7af50;
 .timescale -9 -12;
P_0x58e084ce5690 .param/l "t" 1 4 52, +C4<011010>;
v0x58e084ce5770_0 .net/s *"_ivl_11", 25 0, L_0x58e084dee120;  1 drivers
v0x58e084ce5850_0 .net/s *"_ivl_2", 19 0, L_0x58e084dede40;  1 drivers
v0x58e084d27ab0_0 .net/s *"_ivl_5", 19 0, L_0x58e084dedee0;  1 drivers
v0x58e084de0e20_36 .array/port v0x58e084de0e20, 36;
L_0x58e084dede40 .extend/s 20, v0x58e084de0e20_36;
v0x58e084de23b0_26 .array/port v0x58e084de23b0, 26;
L_0x58e084dedee0 .extend/s 20, v0x58e084de23b0_26;
L_0x58e084dedfb0 .arith/mult 20, L_0x58e084dede40, L_0x58e084dedee0;
L_0x58e084dee120 .extend/s 26, L_0x58e084dedfb0;
L_0x58e084dee240 .arith/sum 26, L_0x58e084dee120, L_0x58e084dedd00;
S_0x58e084dd3d20 .scope generate, "dsp01[27]" "dsp01[27]" 4 52, 4 52 0, S_0x58e084d7af50;
 .timescale -9 -12;
P_0x58e084dd3eb0 .param/l "t" 1 4 52, +C4<011011>;
v0x58e084dd3f70_0 .net/s *"_ivl_11", 25 0, L_0x58e084dee660;  1 drivers
v0x58e084dd4050_0 .net/s *"_ivl_2", 19 0, L_0x58e084dee380;  1 drivers
v0x58e084dd4130_0 .net/s *"_ivl_5", 19 0, L_0x58e084dee420;  1 drivers
v0x58e084de0e20_35 .array/port v0x58e084de0e20, 35;
L_0x58e084dee380 .extend/s 20, v0x58e084de0e20_35;
v0x58e084de23b0_27 .array/port v0x58e084de23b0, 27;
L_0x58e084dee420 .extend/s 20, v0x58e084de23b0_27;
L_0x58e084dee4f0 .arith/mult 20, L_0x58e084dee380, L_0x58e084dee420;
L_0x58e084dee660 .extend/s 26, L_0x58e084dee4f0;
L_0x58e084dee780 .arith/sum 26, L_0x58e084dee660, L_0x58e084dee240;
S_0x58e084dd4220 .scope generate, "dsp01[28]" "dsp01[28]" 4 52, 4 52 0, S_0x58e084d7af50;
 .timescale -9 -12;
P_0x58e084dd4420 .param/l "t" 1 4 52, +C4<011100>;
v0x58e084dd4500_0 .net/s *"_ivl_11", 25 0, L_0x58e084deeba0;  1 drivers
v0x58e084dd45e0_0 .net/s *"_ivl_2", 19 0, L_0x58e084dee8c0;  1 drivers
v0x58e084dd46c0_0 .net/s *"_ivl_5", 19 0, L_0x58e084dee960;  1 drivers
v0x58e084de0e20_34 .array/port v0x58e084de0e20, 34;
L_0x58e084dee8c0 .extend/s 20, v0x58e084de0e20_34;
v0x58e084de23b0_28 .array/port v0x58e084de23b0, 28;
L_0x58e084dee960 .extend/s 20, v0x58e084de23b0_28;
L_0x58e084deea30 .arith/mult 20, L_0x58e084dee8c0, L_0x58e084dee960;
L_0x58e084deeba0 .extend/s 26, L_0x58e084deea30;
L_0x58e084deecc0 .arith/sum 26, L_0x58e084deeba0, L_0x58e084dee780;
S_0x58e084dd47b0 .scope generate, "dsp01[29]" "dsp01[29]" 4 52, 4 52 0, S_0x58e084d7af50;
 .timescale -9 -12;
P_0x58e084dd4bc0 .param/l "t" 1 4 52, +C4<011101>;
v0x58e084dd4ca0_0 .net/s *"_ivl_11", 25 0, L_0x58e084def0e0;  1 drivers
v0x58e084dd4d80_0 .net/s *"_ivl_2", 19 0, L_0x58e084deee00;  1 drivers
v0x58e084dd4e60_0 .net/s *"_ivl_5", 19 0, L_0x58e084deeea0;  1 drivers
v0x58e084de0e20_33 .array/port v0x58e084de0e20, 33;
L_0x58e084deee00 .extend/s 20, v0x58e084de0e20_33;
v0x58e084de23b0_29 .array/port v0x58e084de23b0, 29;
L_0x58e084deeea0 .extend/s 20, v0x58e084de23b0_29;
L_0x58e084deef70 .arith/mult 20, L_0x58e084deee00, L_0x58e084deeea0;
L_0x58e084def0e0 .extend/s 26, L_0x58e084deef70;
L_0x58e084def200 .arith/sum 26, L_0x58e084def0e0, L_0x58e084deecc0;
S_0x58e084dd4f50 .scope generate, "dsp01[30]" "dsp01[30]" 4 52, 4 52 0, S_0x58e084d7af50;
 .timescale -9 -12;
P_0x58e084dd5150 .param/l "t" 1 4 52, +C4<011110>;
v0x58e084dd5230_0 .net/s *"_ivl_11", 25 0, L_0x58e084def620;  1 drivers
v0x58e084dd5310_0 .net/s *"_ivl_2", 19 0, L_0x58e084def340;  1 drivers
v0x58e084dd53f0_0 .net/s *"_ivl_5", 19 0, L_0x58e084def3e0;  1 drivers
v0x58e084de0e20_32 .array/port v0x58e084de0e20, 32;
L_0x58e084def340 .extend/s 20, v0x58e084de0e20_32;
v0x58e084de23b0_30 .array/port v0x58e084de23b0, 30;
L_0x58e084def3e0 .extend/s 20, v0x58e084de23b0_30;
L_0x58e084def4b0 .arith/mult 20, L_0x58e084def340, L_0x58e084def3e0;
L_0x58e084def620 .extend/s 26, L_0x58e084def4b0;
L_0x58e084def740 .arith/sum 26, L_0x58e084def620, L_0x58e084def200;
S_0x58e084dd54e0 .scope generate, "dsp01[31]" "dsp01[31]" 4 52, 4 52 0, S_0x58e084d7af50;
 .timescale -9 -12;
P_0x58e084dd56e0 .param/l "t" 1 4 52, +C4<011111>;
v0x58e084dd57c0_0 .net/s *"_ivl_11", 25 0, L_0x58e084defb60;  1 drivers
v0x58e084dd58a0_0 .net/s *"_ivl_2", 19 0, L_0x58e084def880;  1 drivers
v0x58e084dd5980_0 .net/s *"_ivl_5", 19 0, L_0x58e084def920;  1 drivers
v0x58e084de0e20_31 .array/port v0x58e084de0e20, 31;
L_0x58e084def880 .extend/s 20, v0x58e084de0e20_31;
v0x58e084de23b0_31 .array/port v0x58e084de23b0, 31;
L_0x58e084def920 .extend/s 20, v0x58e084de23b0_31;
L_0x58e084def9f0 .arith/mult 20, L_0x58e084def880, L_0x58e084def920;
L_0x58e084defb60 .extend/s 26, L_0x58e084def9f0;
L_0x58e084defc80 .arith/sum 26, L_0x58e084defb60, L_0x58e084def740;
S_0x58e084dd5a70 .scope generate, "dsp01[32]" "dsp01[32]" 4 52, 4 52 0, S_0x58e084d7af50;
 .timescale -9 -12;
P_0x58e084dd5c70 .param/l "t" 1 4 52, +C4<0100000>;
v0x58e084dd5d60_0 .net/s *"_ivl_11", 25 0, L_0x58e084df00a0;  1 drivers
v0x58e084dd5e60_0 .net/s *"_ivl_2", 19 0, L_0x58e084defdc0;  1 drivers
v0x58e084dd5f40_0 .net/s *"_ivl_5", 19 0, L_0x58e084defe60;  1 drivers
v0x58e084de0e20_30 .array/port v0x58e084de0e20, 30;
L_0x58e084defdc0 .extend/s 20, v0x58e084de0e20_30;
v0x58e084de23b0_32 .array/port v0x58e084de23b0, 32;
L_0x58e084defe60 .extend/s 20, v0x58e084de23b0_32;
L_0x58e084deff30 .arith/mult 20, L_0x58e084defdc0, L_0x58e084defe60;
L_0x58e084df00a0 .extend/s 26, L_0x58e084deff30;
L_0x58e084df01c0 .arith/sum 26, L_0x58e084df00a0, L_0x58e084defc80;
S_0x58e084dd6000 .scope generate, "dsp01[33]" "dsp01[33]" 4 52, 4 52 0, S_0x58e084d7af50;
 .timescale -9 -12;
P_0x58e084dd6200 .param/l "t" 1 4 52, +C4<0100001>;
v0x58e084dd62f0_0 .net/s *"_ivl_11", 25 0, L_0x58e084df05e0;  1 drivers
v0x58e084dd63f0_0 .net/s *"_ivl_2", 19 0, L_0x58e084df0300;  1 drivers
v0x58e084dd64d0_0 .net/s *"_ivl_5", 19 0, L_0x58e084df03a0;  1 drivers
v0x58e084de0e20_29 .array/port v0x58e084de0e20, 29;
L_0x58e084df0300 .extend/s 20, v0x58e084de0e20_29;
v0x58e084de23b0_33 .array/port v0x58e084de23b0, 33;
L_0x58e084df03a0 .extend/s 20, v0x58e084de23b0_33;
L_0x58e084df0470 .arith/mult 20, L_0x58e084df0300, L_0x58e084df03a0;
L_0x58e084df05e0 .extend/s 26, L_0x58e084df0470;
L_0x58e084df0700 .arith/sum 26, L_0x58e084df05e0, L_0x58e084df01c0;
S_0x58e084dd6590 .scope generate, "dsp01[34]" "dsp01[34]" 4 52, 4 52 0, S_0x58e084d7af50;
 .timescale -9 -12;
P_0x58e084dd6790 .param/l "t" 1 4 52, +C4<0100010>;
v0x58e084dd6880_0 .net/s *"_ivl_11", 25 0, L_0x58e084df0b20;  1 drivers
v0x58e084dd6980_0 .net/s *"_ivl_2", 19 0, L_0x58e084df0840;  1 drivers
v0x58e084dd6a60_0 .net/s *"_ivl_5", 19 0, L_0x58e084df08e0;  1 drivers
v0x58e084de0e20_28 .array/port v0x58e084de0e20, 28;
L_0x58e084df0840 .extend/s 20, v0x58e084de0e20_28;
v0x58e084de23b0_34 .array/port v0x58e084de23b0, 34;
L_0x58e084df08e0 .extend/s 20, v0x58e084de23b0_34;
L_0x58e084df09b0 .arith/mult 20, L_0x58e084df0840, L_0x58e084df08e0;
L_0x58e084df0b20 .extend/s 26, L_0x58e084df09b0;
L_0x58e084df0c40 .arith/sum 26, L_0x58e084df0b20, L_0x58e084df0700;
S_0x58e084dd6b20 .scope generate, "dsp01[35]" "dsp01[35]" 4 52, 4 52 0, S_0x58e084d7af50;
 .timescale -9 -12;
P_0x58e084dd6d20 .param/l "t" 1 4 52, +C4<0100011>;
v0x58e084dd6e10_0 .net/s *"_ivl_11", 25 0, L_0x58e084df1060;  1 drivers
v0x58e084dd6f10_0 .net/s *"_ivl_2", 19 0, L_0x58e084df0d80;  1 drivers
v0x58e084dd6ff0_0 .net/s *"_ivl_5", 19 0, L_0x58e084df0e20;  1 drivers
v0x58e084de0e20_27 .array/port v0x58e084de0e20, 27;
L_0x58e084df0d80 .extend/s 20, v0x58e084de0e20_27;
v0x58e084de23b0_35 .array/port v0x58e084de23b0, 35;
L_0x58e084df0e20 .extend/s 20, v0x58e084de23b0_35;
L_0x58e084df0ef0 .arith/mult 20, L_0x58e084df0d80, L_0x58e084df0e20;
L_0x58e084df1060 .extend/s 26, L_0x58e084df0ef0;
L_0x58e084df1180 .arith/sum 26, L_0x58e084df1060, L_0x58e084df0c40;
S_0x58e084dd70b0 .scope generate, "dsp01[36]" "dsp01[36]" 4 52, 4 52 0, S_0x58e084d7af50;
 .timescale -9 -12;
P_0x58e084dd72b0 .param/l "t" 1 4 52, +C4<0100100>;
v0x58e084dd73a0_0 .net/s *"_ivl_11", 25 0, L_0x58e084df15a0;  1 drivers
v0x58e084dd74a0_0 .net/s *"_ivl_2", 19 0, L_0x58e084df12c0;  1 drivers
v0x58e084dd7580_0 .net/s *"_ivl_5", 19 0, L_0x58e084df1360;  1 drivers
v0x58e084de0e20_26 .array/port v0x58e084de0e20, 26;
L_0x58e084df12c0 .extend/s 20, v0x58e084de0e20_26;
v0x58e084de23b0_36 .array/port v0x58e084de23b0, 36;
L_0x58e084df1360 .extend/s 20, v0x58e084de23b0_36;
L_0x58e084df1430 .arith/mult 20, L_0x58e084df12c0, L_0x58e084df1360;
L_0x58e084df15a0 .extend/s 26, L_0x58e084df1430;
L_0x58e084df16c0 .arith/sum 26, L_0x58e084df15a0, L_0x58e084df1180;
S_0x58e084dd7640 .scope generate, "dsp01[37]" "dsp01[37]" 4 52, 4 52 0, S_0x58e084d7af50;
 .timescale -9 -12;
P_0x58e084dd7840 .param/l "t" 1 4 52, +C4<0100101>;
v0x58e084dd7930_0 .net/s *"_ivl_11", 25 0, L_0x58e084df1ae0;  1 drivers
v0x58e084dd7a30_0 .net/s *"_ivl_2", 19 0, L_0x58e084df1800;  1 drivers
v0x58e084dd7b10_0 .net/s *"_ivl_5", 19 0, L_0x58e084df18a0;  1 drivers
v0x58e084de0e20_25 .array/port v0x58e084de0e20, 25;
L_0x58e084df1800 .extend/s 20, v0x58e084de0e20_25;
v0x58e084de23b0_37 .array/port v0x58e084de23b0, 37;
L_0x58e084df18a0 .extend/s 20, v0x58e084de23b0_37;
L_0x58e084df1970 .arith/mult 20, L_0x58e084df1800, L_0x58e084df18a0;
L_0x58e084df1ae0 .extend/s 26, L_0x58e084df1970;
L_0x58e084df1c00 .arith/sum 26, L_0x58e084df1ae0, L_0x58e084df16c0;
S_0x58e084dd7bd0 .scope generate, "dsp01[38]" "dsp01[38]" 4 52, 4 52 0, S_0x58e084d7af50;
 .timescale -9 -12;
P_0x58e084dd7dd0 .param/l "t" 1 4 52, +C4<0100110>;
v0x58e084dd7ec0_0 .net/s *"_ivl_11", 25 0, L_0x58e084df2020;  1 drivers
v0x58e084dd7fc0_0 .net/s *"_ivl_2", 19 0, L_0x58e084df1d40;  1 drivers
v0x58e084dd80a0_0 .net/s *"_ivl_5", 19 0, L_0x58e084df1de0;  1 drivers
v0x58e084de0e20_24 .array/port v0x58e084de0e20, 24;
L_0x58e084df1d40 .extend/s 20, v0x58e084de0e20_24;
v0x58e084de23b0_38 .array/port v0x58e084de23b0, 38;
L_0x58e084df1de0 .extend/s 20, v0x58e084de23b0_38;
L_0x58e084df1eb0 .arith/mult 20, L_0x58e084df1d40, L_0x58e084df1de0;
L_0x58e084df2020 .extend/s 26, L_0x58e084df1eb0;
L_0x58e084df2140 .arith/sum 26, L_0x58e084df2020, L_0x58e084df1c00;
S_0x58e084dd8160 .scope generate, "dsp01[39]" "dsp01[39]" 4 52, 4 52 0, S_0x58e084d7af50;
 .timescale -9 -12;
P_0x58e084dd8360 .param/l "t" 1 4 52, +C4<0100111>;
v0x58e084dd8450_0 .net/s *"_ivl_11", 25 0, L_0x58e084df2560;  1 drivers
v0x58e084dd8550_0 .net/s *"_ivl_2", 19 0, L_0x58e084df2280;  1 drivers
v0x58e084dd8630_0 .net/s *"_ivl_5", 19 0, L_0x58e084df2320;  1 drivers
v0x58e084de0e20_23 .array/port v0x58e084de0e20, 23;
L_0x58e084df2280 .extend/s 20, v0x58e084de0e20_23;
v0x58e084de23b0_39 .array/port v0x58e084de23b0, 39;
L_0x58e084df2320 .extend/s 20, v0x58e084de23b0_39;
L_0x58e084df23f0 .arith/mult 20, L_0x58e084df2280, L_0x58e084df2320;
L_0x58e084df2560 .extend/s 26, L_0x58e084df23f0;
L_0x58e084df2680 .arith/sum 26, L_0x58e084df2560, L_0x58e084df2140;
S_0x58e084dd86f0 .scope generate, "dsp01[40]" "dsp01[40]" 4 52, 4 52 0, S_0x58e084d7af50;
 .timescale -9 -12;
P_0x58e084dd88f0 .param/l "t" 1 4 52, +C4<0101000>;
v0x58e084dd89e0_0 .net/s *"_ivl_11", 25 0, L_0x58e084df2aa0;  1 drivers
v0x58e084dd8ae0_0 .net/s *"_ivl_2", 19 0, L_0x58e084df27c0;  1 drivers
v0x58e084dd8bc0_0 .net/s *"_ivl_5", 19 0, L_0x58e084df2860;  1 drivers
v0x58e084de0e20_22 .array/port v0x58e084de0e20, 22;
L_0x58e084df27c0 .extend/s 20, v0x58e084de0e20_22;
v0x58e084de23b0_40 .array/port v0x58e084de23b0, 40;
L_0x58e084df2860 .extend/s 20, v0x58e084de23b0_40;
L_0x58e084df2930 .arith/mult 20, L_0x58e084df27c0, L_0x58e084df2860;
L_0x58e084df2aa0 .extend/s 26, L_0x58e084df2930;
L_0x58e084df2bc0 .arith/sum 26, L_0x58e084df2aa0, L_0x58e084df2680;
S_0x58e084dd8c80 .scope generate, "dsp01[41]" "dsp01[41]" 4 52, 4 52 0, S_0x58e084d7af50;
 .timescale -9 -12;
P_0x58e084dd8e80 .param/l "t" 1 4 52, +C4<0101001>;
v0x58e084dd8f70_0 .net/s *"_ivl_11", 25 0, L_0x58e084df2fe0;  1 drivers
v0x58e084dd9070_0 .net/s *"_ivl_2", 19 0, L_0x58e084df2d00;  1 drivers
v0x58e084dd9150_0 .net/s *"_ivl_5", 19 0, L_0x58e084df2da0;  1 drivers
v0x58e084de0e20_21 .array/port v0x58e084de0e20, 21;
L_0x58e084df2d00 .extend/s 20, v0x58e084de0e20_21;
v0x58e084de23b0_41 .array/port v0x58e084de23b0, 41;
L_0x58e084df2da0 .extend/s 20, v0x58e084de23b0_41;
L_0x58e084df2e70 .arith/mult 20, L_0x58e084df2d00, L_0x58e084df2da0;
L_0x58e084df2fe0 .extend/s 26, L_0x58e084df2e70;
L_0x58e084df3100 .arith/sum 26, L_0x58e084df2fe0, L_0x58e084df2bc0;
S_0x58e084dd9210 .scope generate, "dsp01[42]" "dsp01[42]" 4 52, 4 52 0, S_0x58e084d7af50;
 .timescale -9 -12;
P_0x58e084dd9410 .param/l "t" 1 4 52, +C4<0101010>;
v0x58e084dd9500_0 .net/s *"_ivl_11", 25 0, L_0x58e084df3520;  1 drivers
v0x58e084dd9600_0 .net/s *"_ivl_2", 19 0, L_0x58e084df3240;  1 drivers
v0x58e084dd96e0_0 .net/s *"_ivl_5", 19 0, L_0x58e084df32e0;  1 drivers
v0x58e084de0e20_20 .array/port v0x58e084de0e20, 20;
L_0x58e084df3240 .extend/s 20, v0x58e084de0e20_20;
v0x58e084de23b0_42 .array/port v0x58e084de23b0, 42;
L_0x58e084df32e0 .extend/s 20, v0x58e084de23b0_42;
L_0x58e084df33b0 .arith/mult 20, L_0x58e084df3240, L_0x58e084df32e0;
L_0x58e084df3520 .extend/s 26, L_0x58e084df33b0;
L_0x58e084df3640 .arith/sum 26, L_0x58e084df3520, L_0x58e084df3100;
S_0x58e084dd97a0 .scope generate, "dsp01[43]" "dsp01[43]" 4 52, 4 52 0, S_0x58e084d7af50;
 .timescale -9 -12;
P_0x58e084dd99a0 .param/l "t" 1 4 52, +C4<0101011>;
v0x58e084dd9a90_0 .net/s *"_ivl_11", 25 0, L_0x58e084df3a60;  1 drivers
v0x58e084dd9b90_0 .net/s *"_ivl_2", 19 0, L_0x58e084df3780;  1 drivers
v0x58e084dd9c70_0 .net/s *"_ivl_5", 19 0, L_0x58e084df3820;  1 drivers
v0x58e084de0e20_19 .array/port v0x58e084de0e20, 19;
L_0x58e084df3780 .extend/s 20, v0x58e084de0e20_19;
v0x58e084de23b0_43 .array/port v0x58e084de23b0, 43;
L_0x58e084df3820 .extend/s 20, v0x58e084de23b0_43;
L_0x58e084df38f0 .arith/mult 20, L_0x58e084df3780, L_0x58e084df3820;
L_0x58e084df3a60 .extend/s 26, L_0x58e084df38f0;
L_0x58e084df3b80 .arith/sum 26, L_0x58e084df3a60, L_0x58e084df3640;
S_0x58e084dd9d30 .scope generate, "dsp01[44]" "dsp01[44]" 4 52, 4 52 0, S_0x58e084d7af50;
 .timescale -9 -12;
P_0x58e084dd9f30 .param/l "t" 1 4 52, +C4<0101100>;
v0x58e084dda020_0 .net/s *"_ivl_11", 25 0, L_0x58e084df3fa0;  1 drivers
v0x58e084dda120_0 .net/s *"_ivl_2", 19 0, L_0x58e084df3cc0;  1 drivers
v0x58e084dda200_0 .net/s *"_ivl_5", 19 0, L_0x58e084df3d60;  1 drivers
v0x58e084de0e20_18 .array/port v0x58e084de0e20, 18;
L_0x58e084df3cc0 .extend/s 20, v0x58e084de0e20_18;
v0x58e084de23b0_44 .array/port v0x58e084de23b0, 44;
L_0x58e084df3d60 .extend/s 20, v0x58e084de23b0_44;
L_0x58e084df3e30 .arith/mult 20, L_0x58e084df3cc0, L_0x58e084df3d60;
L_0x58e084df3fa0 .extend/s 26, L_0x58e084df3e30;
L_0x58e084df40c0 .arith/sum 26, L_0x58e084df3fa0, L_0x58e084df3b80;
S_0x58e084dda2c0 .scope generate, "dsp01[45]" "dsp01[45]" 4 52, 4 52 0, S_0x58e084d7af50;
 .timescale -9 -12;
P_0x58e084dda4c0 .param/l "t" 1 4 52, +C4<0101101>;
v0x58e084dda5b0_0 .net/s *"_ivl_11", 25 0, L_0x58e084df44e0;  1 drivers
v0x58e084dda6b0_0 .net/s *"_ivl_2", 19 0, L_0x58e084df4200;  1 drivers
v0x58e084dda790_0 .net/s *"_ivl_5", 19 0, L_0x58e084df42a0;  1 drivers
v0x58e084de0e20_17 .array/port v0x58e084de0e20, 17;
L_0x58e084df4200 .extend/s 20, v0x58e084de0e20_17;
v0x58e084de23b0_45 .array/port v0x58e084de23b0, 45;
L_0x58e084df42a0 .extend/s 20, v0x58e084de23b0_45;
L_0x58e084df4370 .arith/mult 20, L_0x58e084df4200, L_0x58e084df42a0;
L_0x58e084df44e0 .extend/s 26, L_0x58e084df4370;
L_0x58e084df4600 .arith/sum 26, L_0x58e084df44e0, L_0x58e084df40c0;
S_0x58e084dda850 .scope generate, "dsp01[46]" "dsp01[46]" 4 52, 4 52 0, S_0x58e084d7af50;
 .timescale -9 -12;
P_0x58e084ddaa50 .param/l "t" 1 4 52, +C4<0101110>;
v0x58e084ddab40_0 .net/s *"_ivl_11", 25 0, L_0x58e084df4a20;  1 drivers
v0x58e084ddac40_0 .net/s *"_ivl_2", 19 0, L_0x58e084df4740;  1 drivers
v0x58e084ddad20_0 .net/s *"_ivl_5", 19 0, L_0x58e084df47e0;  1 drivers
v0x58e084de0e20_16 .array/port v0x58e084de0e20, 16;
L_0x58e084df4740 .extend/s 20, v0x58e084de0e20_16;
v0x58e084de23b0_46 .array/port v0x58e084de23b0, 46;
L_0x58e084df47e0 .extend/s 20, v0x58e084de23b0_46;
L_0x58e084df48b0 .arith/mult 20, L_0x58e084df4740, L_0x58e084df47e0;
L_0x58e084df4a20 .extend/s 26, L_0x58e084df48b0;
L_0x58e084df4b40 .arith/sum 26, L_0x58e084df4a20, L_0x58e084df4600;
S_0x58e084ddade0 .scope generate, "dsp01[47]" "dsp01[47]" 4 52, 4 52 0, S_0x58e084d7af50;
 .timescale -9 -12;
P_0x58e084ddafe0 .param/l "t" 1 4 52, +C4<0101111>;
v0x58e084ddb0d0_0 .net/s *"_ivl_11", 25 0, L_0x58e084df4f60;  1 drivers
v0x58e084ddb1d0_0 .net/s *"_ivl_2", 19 0, L_0x58e084df4c80;  1 drivers
v0x58e084ddb2b0_0 .net/s *"_ivl_5", 19 0, L_0x58e084df4d20;  1 drivers
v0x58e084de0e20_15 .array/port v0x58e084de0e20, 15;
L_0x58e084df4c80 .extend/s 20, v0x58e084de0e20_15;
v0x58e084de23b0_47 .array/port v0x58e084de23b0, 47;
L_0x58e084df4d20 .extend/s 20, v0x58e084de23b0_47;
L_0x58e084df4df0 .arith/mult 20, L_0x58e084df4c80, L_0x58e084df4d20;
L_0x58e084df4f60 .extend/s 26, L_0x58e084df4df0;
L_0x58e084df5080 .arith/sum 26, L_0x58e084df4f60, L_0x58e084df4b40;
S_0x58e084ddb370 .scope generate, "dsp01[48]" "dsp01[48]" 4 52, 4 52 0, S_0x58e084d7af50;
 .timescale -9 -12;
P_0x58e084ddb570 .param/l "t" 1 4 52, +C4<0110000>;
v0x58e084ddb660_0 .net/s *"_ivl_11", 25 0, L_0x58e084df54a0;  1 drivers
v0x58e084ddb760_0 .net/s *"_ivl_2", 19 0, L_0x58e084df51c0;  1 drivers
v0x58e084ddb840_0 .net/s *"_ivl_5", 19 0, L_0x58e084df5260;  1 drivers
v0x58e084de0e20_14 .array/port v0x58e084de0e20, 14;
L_0x58e084df51c0 .extend/s 20, v0x58e084de0e20_14;
v0x58e084de23b0_48 .array/port v0x58e084de23b0, 48;
L_0x58e084df5260 .extend/s 20, v0x58e084de23b0_48;
L_0x58e084df5330 .arith/mult 20, L_0x58e084df51c0, L_0x58e084df5260;
L_0x58e084df54a0 .extend/s 26, L_0x58e084df5330;
L_0x58e084df55c0 .arith/sum 26, L_0x58e084df54a0, L_0x58e084df5080;
S_0x58e084ddb900 .scope generate, "dsp01[49]" "dsp01[49]" 4 52, 4 52 0, S_0x58e084d7af50;
 .timescale -9 -12;
P_0x58e084ddbb00 .param/l "t" 1 4 52, +C4<0110001>;
v0x58e084ddbbf0_0 .net/s *"_ivl_11", 25 0, L_0x58e084df59e0;  1 drivers
v0x58e084ddbcf0_0 .net/s *"_ivl_2", 19 0, L_0x58e084df5700;  1 drivers
v0x58e084ddbdd0_0 .net/s *"_ivl_5", 19 0, L_0x58e084df57a0;  1 drivers
v0x58e084de0e20_13 .array/port v0x58e084de0e20, 13;
L_0x58e084df5700 .extend/s 20, v0x58e084de0e20_13;
v0x58e084de23b0_49 .array/port v0x58e084de23b0, 49;
L_0x58e084df57a0 .extend/s 20, v0x58e084de23b0_49;
L_0x58e084df5870 .arith/mult 20, L_0x58e084df5700, L_0x58e084df57a0;
L_0x58e084df59e0 .extend/s 26, L_0x58e084df5870;
L_0x58e084df5b00 .arith/sum 26, L_0x58e084df59e0, L_0x58e084df55c0;
S_0x58e084ddbe90 .scope generate, "dsp01[50]" "dsp01[50]" 4 52, 4 52 0, S_0x58e084d7af50;
 .timescale -9 -12;
P_0x58e084ddc090 .param/l "t" 1 4 52, +C4<0110010>;
v0x58e084ddc180_0 .net/s *"_ivl_11", 25 0, L_0x58e084df5f20;  1 drivers
v0x58e084ddc280_0 .net/s *"_ivl_2", 19 0, L_0x58e084df5c40;  1 drivers
v0x58e084ddc360_0 .net/s *"_ivl_5", 19 0, L_0x58e084df5ce0;  1 drivers
v0x58e084de0e20_12 .array/port v0x58e084de0e20, 12;
L_0x58e084df5c40 .extend/s 20, v0x58e084de0e20_12;
v0x58e084de23b0_50 .array/port v0x58e084de23b0, 50;
L_0x58e084df5ce0 .extend/s 20, v0x58e084de23b0_50;
L_0x58e084df5db0 .arith/mult 20, L_0x58e084df5c40, L_0x58e084df5ce0;
L_0x58e084df5f20 .extend/s 26, L_0x58e084df5db0;
L_0x58e084df6040 .arith/sum 26, L_0x58e084df5f20, L_0x58e084df5b00;
S_0x58e084ddc420 .scope generate, "dsp01[51]" "dsp01[51]" 4 52, 4 52 0, S_0x58e084d7af50;
 .timescale -9 -12;
P_0x58e084ddc620 .param/l "t" 1 4 52, +C4<0110011>;
v0x58e084ddc710_0 .net/s *"_ivl_11", 25 0, L_0x58e084df6460;  1 drivers
v0x58e084ddc810_0 .net/s *"_ivl_2", 19 0, L_0x58e084df6180;  1 drivers
v0x58e084ddc8f0_0 .net/s *"_ivl_5", 19 0, L_0x58e084df6220;  1 drivers
v0x58e084de0e20_11 .array/port v0x58e084de0e20, 11;
L_0x58e084df6180 .extend/s 20, v0x58e084de0e20_11;
v0x58e084de23b0_51 .array/port v0x58e084de23b0, 51;
L_0x58e084df6220 .extend/s 20, v0x58e084de23b0_51;
L_0x58e084df62f0 .arith/mult 20, L_0x58e084df6180, L_0x58e084df6220;
L_0x58e084df6460 .extend/s 26, L_0x58e084df62f0;
L_0x58e084df6580 .arith/sum 26, L_0x58e084df6460, L_0x58e084df6040;
S_0x58e084ddc9b0 .scope generate, "dsp01[52]" "dsp01[52]" 4 52, 4 52 0, S_0x58e084d7af50;
 .timescale -9 -12;
P_0x58e084ddcbb0 .param/l "t" 1 4 52, +C4<0110100>;
v0x58e084ddcca0_0 .net/s *"_ivl_11", 25 0, L_0x58e084df69a0;  1 drivers
v0x58e084ddcda0_0 .net/s *"_ivl_2", 19 0, L_0x58e084df66c0;  1 drivers
v0x58e084ddce80_0 .net/s *"_ivl_5", 19 0, L_0x58e084df6760;  1 drivers
v0x58e084de0e20_10 .array/port v0x58e084de0e20, 10;
L_0x58e084df66c0 .extend/s 20, v0x58e084de0e20_10;
v0x58e084de23b0_52 .array/port v0x58e084de23b0, 52;
L_0x58e084df6760 .extend/s 20, v0x58e084de23b0_52;
L_0x58e084df6830 .arith/mult 20, L_0x58e084df66c0, L_0x58e084df6760;
L_0x58e084df69a0 .extend/s 26, L_0x58e084df6830;
L_0x58e084df6ac0 .arith/sum 26, L_0x58e084df69a0, L_0x58e084df6580;
S_0x58e084ddcf40 .scope generate, "dsp01[53]" "dsp01[53]" 4 52, 4 52 0, S_0x58e084d7af50;
 .timescale -9 -12;
P_0x58e084ddd140 .param/l "t" 1 4 52, +C4<0110101>;
v0x58e084ddd230_0 .net/s *"_ivl_11", 25 0, L_0x58e084df6ee0;  1 drivers
v0x58e084ddd330_0 .net/s *"_ivl_2", 19 0, L_0x58e084df6c00;  1 drivers
v0x58e084ddd410_0 .net/s *"_ivl_5", 19 0, L_0x58e084df6ca0;  1 drivers
v0x58e084de0e20_9 .array/port v0x58e084de0e20, 9;
L_0x58e084df6c00 .extend/s 20, v0x58e084de0e20_9;
v0x58e084de23b0_53 .array/port v0x58e084de23b0, 53;
L_0x58e084df6ca0 .extend/s 20, v0x58e084de23b0_53;
L_0x58e084df6d70 .arith/mult 20, L_0x58e084df6c00, L_0x58e084df6ca0;
L_0x58e084df6ee0 .extend/s 26, L_0x58e084df6d70;
L_0x58e084df7000 .arith/sum 26, L_0x58e084df6ee0, L_0x58e084df6ac0;
S_0x58e084ddd4d0 .scope generate, "dsp01[54]" "dsp01[54]" 4 52, 4 52 0, S_0x58e084d7af50;
 .timescale -9 -12;
P_0x58e084ddd6d0 .param/l "t" 1 4 52, +C4<0110110>;
v0x58e084ddd7c0_0 .net/s *"_ivl_11", 25 0, L_0x58e084df7420;  1 drivers
v0x58e084ddd8c0_0 .net/s *"_ivl_2", 19 0, L_0x58e084df7140;  1 drivers
v0x58e084ddd9a0_0 .net/s *"_ivl_5", 19 0, L_0x58e084df71e0;  1 drivers
v0x58e084de0e20_8 .array/port v0x58e084de0e20, 8;
L_0x58e084df7140 .extend/s 20, v0x58e084de0e20_8;
v0x58e084de23b0_54 .array/port v0x58e084de23b0, 54;
L_0x58e084df71e0 .extend/s 20, v0x58e084de23b0_54;
L_0x58e084df72b0 .arith/mult 20, L_0x58e084df7140, L_0x58e084df71e0;
L_0x58e084df7420 .extend/s 26, L_0x58e084df72b0;
L_0x58e084df7540 .arith/sum 26, L_0x58e084df7420, L_0x58e084df7000;
S_0x58e084ddda60 .scope generate, "dsp01[55]" "dsp01[55]" 4 52, 4 52 0, S_0x58e084d7af50;
 .timescale -9 -12;
P_0x58e084dddc60 .param/l "t" 1 4 52, +C4<0110111>;
v0x58e084dddd50_0 .net/s *"_ivl_11", 25 0, L_0x58e084df7960;  1 drivers
v0x58e084ddde50_0 .net/s *"_ivl_2", 19 0, L_0x58e084df7680;  1 drivers
v0x58e084dddf30_0 .net/s *"_ivl_5", 19 0, L_0x58e084df7720;  1 drivers
v0x58e084de0e20_7 .array/port v0x58e084de0e20, 7;
L_0x58e084df7680 .extend/s 20, v0x58e084de0e20_7;
v0x58e084de23b0_55 .array/port v0x58e084de23b0, 55;
L_0x58e084df7720 .extend/s 20, v0x58e084de23b0_55;
L_0x58e084df77f0 .arith/mult 20, L_0x58e084df7680, L_0x58e084df7720;
L_0x58e084df7960 .extend/s 26, L_0x58e084df77f0;
L_0x58e084df7a80 .arith/sum 26, L_0x58e084df7960, L_0x58e084df7540;
S_0x58e084dddff0 .scope generate, "dsp01[56]" "dsp01[56]" 4 52, 4 52 0, S_0x58e084d7af50;
 .timescale -9 -12;
P_0x58e084dde1f0 .param/l "t" 1 4 52, +C4<0111000>;
v0x58e084dde2e0_0 .net/s *"_ivl_11", 25 0, L_0x58e084df7ea0;  1 drivers
v0x58e084dde3e0_0 .net/s *"_ivl_2", 19 0, L_0x58e084df7bc0;  1 drivers
v0x58e084dde4c0_0 .net/s *"_ivl_5", 19 0, L_0x58e084df7c60;  1 drivers
v0x58e084de0e20_6 .array/port v0x58e084de0e20, 6;
L_0x58e084df7bc0 .extend/s 20, v0x58e084de0e20_6;
v0x58e084de23b0_56 .array/port v0x58e084de23b0, 56;
L_0x58e084df7c60 .extend/s 20, v0x58e084de23b0_56;
L_0x58e084df7d30 .arith/mult 20, L_0x58e084df7bc0, L_0x58e084df7c60;
L_0x58e084df7ea0 .extend/s 26, L_0x58e084df7d30;
L_0x58e084df7fc0 .arith/sum 26, L_0x58e084df7ea0, L_0x58e084df7a80;
S_0x58e084dde580 .scope generate, "dsp01[57]" "dsp01[57]" 4 52, 4 52 0, S_0x58e084d7af50;
 .timescale -9 -12;
P_0x58e084dde780 .param/l "t" 1 4 52, +C4<0111001>;
v0x58e084dde870_0 .net/s *"_ivl_11", 25 0, L_0x58e084df83e0;  1 drivers
v0x58e084dde970_0 .net/s *"_ivl_2", 19 0, L_0x58e084df8100;  1 drivers
v0x58e084ddea50_0 .net/s *"_ivl_5", 19 0, L_0x58e084df81a0;  1 drivers
v0x58e084de0e20_5 .array/port v0x58e084de0e20, 5;
L_0x58e084df8100 .extend/s 20, v0x58e084de0e20_5;
v0x58e084de23b0_57 .array/port v0x58e084de23b0, 57;
L_0x58e084df81a0 .extend/s 20, v0x58e084de23b0_57;
L_0x58e084df8270 .arith/mult 20, L_0x58e084df8100, L_0x58e084df81a0;
L_0x58e084df83e0 .extend/s 26, L_0x58e084df8270;
L_0x58e084df8500 .arith/sum 26, L_0x58e084df83e0, L_0x58e084df7fc0;
S_0x58e084ddeb10 .scope generate, "dsp01[58]" "dsp01[58]" 4 52, 4 52 0, S_0x58e084d7af50;
 .timescale -9 -12;
P_0x58e084dded10 .param/l "t" 1 4 52, +C4<0111010>;
v0x58e084ddee00_0 .net/s *"_ivl_11", 25 0, L_0x58e084df8920;  1 drivers
v0x58e084ddef00_0 .net/s *"_ivl_2", 19 0, L_0x58e084df8640;  1 drivers
v0x58e084ddefe0_0 .net/s *"_ivl_5", 19 0, L_0x58e084df86e0;  1 drivers
v0x58e084de0e20_4 .array/port v0x58e084de0e20, 4;
L_0x58e084df8640 .extend/s 20, v0x58e084de0e20_4;
v0x58e084de23b0_58 .array/port v0x58e084de23b0, 58;
L_0x58e084df86e0 .extend/s 20, v0x58e084de23b0_58;
L_0x58e084df87b0 .arith/mult 20, L_0x58e084df8640, L_0x58e084df86e0;
L_0x58e084df8920 .extend/s 26, L_0x58e084df87b0;
L_0x58e084df8a40 .arith/sum 26, L_0x58e084df8920, L_0x58e084df8500;
S_0x58e084ddf0a0 .scope generate, "dsp01[59]" "dsp01[59]" 4 52, 4 52 0, S_0x58e084d7af50;
 .timescale -9 -12;
P_0x58e084ddf2a0 .param/l "t" 1 4 52, +C4<0111011>;
v0x58e084ddf390_0 .net/s *"_ivl_11", 25 0, L_0x58e084df8e60;  1 drivers
v0x58e084ddf490_0 .net/s *"_ivl_2", 19 0, L_0x58e084df8b80;  1 drivers
v0x58e084ddf570_0 .net/s *"_ivl_5", 19 0, L_0x58e084df8c20;  1 drivers
v0x58e084de0e20_3 .array/port v0x58e084de0e20, 3;
L_0x58e084df8b80 .extend/s 20, v0x58e084de0e20_3;
v0x58e084de23b0_59 .array/port v0x58e084de23b0, 59;
L_0x58e084df8c20 .extend/s 20, v0x58e084de23b0_59;
L_0x58e084df8cf0 .arith/mult 20, L_0x58e084df8b80, L_0x58e084df8c20;
L_0x58e084df8e60 .extend/s 26, L_0x58e084df8cf0;
L_0x58e084df8f80 .arith/sum 26, L_0x58e084df8e60, L_0x58e084df8a40;
S_0x58e084ddf630 .scope generate, "dsp01[60]" "dsp01[60]" 4 52, 4 52 0, S_0x58e084d7af50;
 .timescale -9 -12;
P_0x58e084ddf830 .param/l "t" 1 4 52, +C4<0111100>;
v0x58e084ddf920_0 .net/s *"_ivl_11", 25 0, L_0x58e084df93a0;  1 drivers
v0x58e084ddfa20_0 .net/s *"_ivl_2", 19 0, L_0x58e084df90c0;  1 drivers
v0x58e084ddfb00_0 .net/s *"_ivl_5", 19 0, L_0x58e084df9160;  1 drivers
v0x58e084de0e20_2 .array/port v0x58e084de0e20, 2;
L_0x58e084df90c0 .extend/s 20, v0x58e084de0e20_2;
v0x58e084de23b0_60 .array/port v0x58e084de23b0, 60;
L_0x58e084df9160 .extend/s 20, v0x58e084de23b0_60;
L_0x58e084df9230 .arith/mult 20, L_0x58e084df90c0, L_0x58e084df9160;
L_0x58e084df93a0 .extend/s 26, L_0x58e084df9230;
L_0x58e084df94c0 .arith/sum 26, L_0x58e084df93a0, L_0x58e084df8f80;
S_0x58e084ddfbc0 .scope generate, "dsp01[61]" "dsp01[61]" 4 52, 4 52 0, S_0x58e084d7af50;
 .timescale -9 -12;
P_0x58e084de01d0 .param/l "t" 1 4 52, +C4<0111101>;
v0x58e084de02c0_0 .net/s *"_ivl_11", 25 0, L_0x58e084df98e0;  1 drivers
v0x58e084de03c0_0 .net/s *"_ivl_2", 19 0, L_0x58e084df9600;  1 drivers
v0x58e084de04a0_0 .net/s *"_ivl_5", 19 0, L_0x58e084df96a0;  1 drivers
v0x58e084de0e20_1 .array/port v0x58e084de0e20, 1;
L_0x58e084df9600 .extend/s 20, v0x58e084de0e20_1;
v0x58e084de23b0_61 .array/port v0x58e084de23b0, 61;
L_0x58e084df96a0 .extend/s 20, v0x58e084de23b0_61;
L_0x58e084df9770 .arith/mult 20, L_0x58e084df9600, L_0x58e084df96a0;
L_0x58e084df98e0 .extend/s 26, L_0x58e084df9770;
L_0x58e084df9a00 .arith/sum 26, L_0x58e084df98e0, L_0x58e084df94c0;
S_0x58e084de0560 .scope generate, "dsp01[62]" "dsp01[62]" 4 52, 4 52 0, S_0x58e084d7af50;
 .timescale -9 -12;
P_0x58e084de0760 .param/l "t" 1 4 52, +C4<0111110>;
v0x58e084de0850_0 .net/s *"_ivl_11", 25 0, L_0x58e084df9e20;  1 drivers
v0x58e084de0950_0 .net/s *"_ivl_2", 19 0, L_0x58e084df9b40;  1 drivers
v0x58e084de0a30_0 .net/s *"_ivl_5", 19 0, L_0x58e084df9be0;  1 drivers
v0x58e084de0e20_0 .array/port v0x58e084de0e20, 0;
L_0x58e084df9b40 .extend/s 20, v0x58e084de0e20_0;
v0x58e084de23b0_62 .array/port v0x58e084de23b0, 62;
L_0x58e084df9be0 .extend/s 20, v0x58e084de23b0_62;
L_0x58e084df9cb0 .arith/mult 20, L_0x58e084df9b40, L_0x58e084df9be0;
L_0x58e084df9e20 .extend/s 26, L_0x58e084df9cb0;
L_0x58e084df9f40 .arith/sum 26, L_0x58e084df9e20, L_0x58e084df9a00;
    .scope S_0x58e084d7af50;
T_0 ;
    %wait E_0x58e084d26250;
    %load/vec4 v0x58e084de0d60_0;
    %nor/r;
    %flag_set/vec4 8;
    %jmp/0xz  T_0.0, 8;
    %fork t_1, S_0x58e084d77cc0;
    %jmp t_0;
    .scope S_0x58e084d77cc0;
t_1 ;
    %pushi/vec4 0, 0, 32;
    %store/vec4 v0x58e084d783b0_0, 0, 32;
T_0.2 ;
    %load/vec4 v0x58e084d783b0_0;
    %cmpi/s 63, 0, 32;
    %jmp/0xz T_0.3, 5;
    %pushi/vec4 0, 0, 10;
    %ix/getv/s 3, v0x58e084d783b0_0;
    %ix/load 4, 0, 0; Constant delay
    %assign/vec4/a/d v0x58e084de0e20, 0, 4;
    %pushi/vec4 0, 0, 10;
    %ix/getv/s 3, v0x58e084d783b0_0;
    %ix/load 4, 0, 0; Constant delay
    %assign/vec4/a/d v0x58e084de23b0, 0, 4;
    %load/vec4 v0x58e084d783b0_0;
    %addi 1, 0, 32;
    %cast2;
    %store/vec4 v0x58e084d783b0_0, 0, 32;
    %jmp T_0.2;
T_0.3 ;
    %end;
    .scope S_0x58e084d7af50;
t_0 %join;
    %pushi/vec4 0, 0, 10;
    %assign/vec4 v0x58e084de42c0_0, 0;
    %jmp T_0.1;
T_0.0 ;
    %load/vec4 v0x58e084de0c90_0;
    %flag_set/vec4 8;
    %jmp/0xz  T_0.4, 8;
    %fork t_3, S_0x58e084d78e00;
    %jmp t_2;
    .scope S_0x58e084d78e00;
t_3 ;
    %pushi/vec4 1, 0, 32;
    %store/vec4 v0x58e084d76200_0, 0, 32;
T_0.6 ;
    %load/vec4 v0x58e084d76200_0;
    %cmpi/s 63, 0, 32;
    %jmp/0xz T_0.7, 5;
    %load/vec4 v0x58e084d76200_0;
    %subi 1, 0, 32;
    %ix/vec4/s 4;
    %load/vec4a v0x58e084de0e20, 4;
    %ix/getv/s 3, v0x58e084d76200_0;
    %ix/load 4, 0, 0; Constant delay
    %assign/vec4/a/d v0x58e084de0e20, 0, 4;
    %load/vec4 v0x58e084d76200_0;
    %addi 1, 0, 32;
    %cast2;
    %store/vec4 v0x58e084d76200_0, 0, 32;
    %jmp T_0.6;
T_0.7 ;
    %end;
    .scope S_0x58e084d7af50;
t_2 %join;
    %load/vec4 v0x58e084de2e50_0;
    %ix/load 3, 0, 0;
    %flag_set/imm 4, 0;
    %ix/load 4, 0, 0; Constant delay
    %assign/vec4/a/d v0x58e084de0e20, 0, 4;
    %ix/load 4, 63, 0;
    %flag_set/imm 4, 0;
    %load/vec4a v0x58e084de2f30, 4;
    %parti/s 1, 25, 6;
    %ix/load 4, 63, 0;
    %flag_set/imm 4, 0;
    %load/vec4a v0x58e084de2f30, 4;
    %parti/s 9, 8, 5;
    %concat/vec4; draw_concat_vec4
    %assign/vec4 v0x58e084de42c0_0, 0;
T_0.4 ;
    %load/vec4 v0x58e084de0bd0_0;
    %flag_set/vec4 8;
    %jmp/0xz  T_0.8, 8;
    %fork t_5, S_0x58e084d75b70;
    %jmp t_4;
    .scope S_0x58e084d75b70;
t_5 ;
    %pushi/vec4 0, 0, 32;
    %store/vec4 v0x58e084d76cb0_0, 0, 32;
T_0.10 ;
    %load/vec4 v0x58e084d76cb0_0;
    %cmpi/s 63, 0, 32;
    %jmp/0xz T_0.11, 5;
    %ix/getv/s 4, v0x58e084d76cb0_0;
    %load/vec4a v0x58e084de1910, 4;
    %ix/getv/s 3, v0x58e084d76cb0_0;
    %ix/load 4, 0, 0; Constant delay
    %assign/vec4/a/d v0x58e084de23b0, 0, 4;
    %load/vec4 v0x58e084d76cb0_0;
    %addi 1, 0, 32;
    %cast2;
    %store/vec4 v0x58e084d76cb0_0, 0, 32;
    %jmp T_0.10;
T_0.11 ;
    %end;
    .scope S_0x58e084d7af50;
t_4 %join;
T_0.8 ;
T_0.1 ;
    %jmp T_0;
    .thread T_0;
    .scope S_0x58e084dbe6b0;
T_1 ;
    %pushi/str "";
    %store/str v0x58e084de46e0_0;
    %pushi/vec4 0, 0, 1;
    %store/vec4 v0x58e084de5650_0, 0, 1;
    %pushi/vec4 0, 0, 1;
    %store/vec4 v0x58e084de5720_0, 0, 1;
    %pushi/vec4 0, 0, 1;
    %store/vec4 v0x58e084de4540_0, 0, 1;
    %pushi/vec4 0, 0, 1;
    %store/vec4 v0x58e084de4480_0, 0, 1;
    %pushi/vec4 856226, 0, 20;
    %store/vec4 v0x58e084de4610_0, 0, 20;
    %end;
    .thread T_1, $init;
    .scope S_0x58e084dbe6b0;
T_2 ;
    %load/str v0x58e084de46e0_0;
    %concati/str "dump.vcd";
    %vpi_call/w 3 33 "$dumpfile", S<0,str> {0 0 1};
    %vpi_call/w 3 34 "$dumpvars", 32'sb00000000000000000000000000000000, S_0x58e084dbe6b0 {0 0 0};
    %pushi/vec4 0, 0, 10;
    %store/vec4 v0x58e084de54c0_0, 0, 10;
    %pushi/vec4 0, 0, 32;
    %store/vec4 v0x58e084de53e0_0, 0, 32;
T_2.0 ;
    %load/vec4 v0x58e084de53e0_0;
    %cmpi/s 63, 0, 32;
    %jmp/0xz T_2.1, 5;
    %pushi/vec4 0, 0, 10;
    %ix/getv/s 4, v0x58e084de53e0_0;
    %store/vec4a v0x58e084de4780, 4, 0;
    ; show_stmt_assign_vector: Get l-value for compressed += operand
    %load/vec4 v0x58e084de53e0_0;
    %pushi/vec4 1, 0, 32;
    %add;
    %store/vec4 v0x58e084de53e0_0, 0, 32;
    %jmp T_2.0;
T_2.1 ;
    %pushi/vec4 0, 0, 1;
    %store/vec4 v0x58e084de5650_0, 0, 1;
    %pushi/vec4 0, 0, 1;
    %store/vec4 v0x58e084de4540_0, 0, 1;
    %pushi/vec4 0, 0, 1;
    %store/vec4 v0x58e084de4480_0, 0, 1;
    %delay 10000, 0;
    %pushi/vec4 1, 0, 1;
    %store/vec4 v0x58e084de5650_0, 0, 1;
    %delay 10000, 0;
    %load/str v0x58e084de46e0_0;
    %concati/str "RTL_filter_taps.csv";
    %vpi_func 3 51 "$fopen" 32, S<0,str>, "r" {0 0 1};
    %store/vec4 v0x58e084de5220_0, 0, 32;
    %load/vec4 v0x58e084de5220_0;
    %cmpi/e 0, 0, 32;
    %jmp/0xz  T_2.2, 4;
    %vpi_call/w 3 53 "$display", "Error: Could not open RTL_filter_taps.csv" {0 0 0};
    %vpi_call/w 3 54 "$finish" {0 0 0};
T_2.2 ;
    %pushi/vec4 0, 0, 32;
    %store/vec4 v0x58e084de53e0_0, 0, 32;
T_2.4 ;
    %load/vec4 v0x58e084de53e0_0;
    %cmpi/s 63, 0, 32;
    %jmp/0xz T_2.5, 5;
    %vpi_func 3 58 "$fscanf" 32, v0x58e084de5220_0, "%d", &A<v0x58e084de4780, v0x58e084de53e0_0 > {0 0 0};
    %store/vec4 v0x58e084de57f0_0, 0, 32;
    %load/vec4 v0x58e084de57f0_0;
    %cmpi/ne 1, 0, 32;
    %jmp/0xz  T_2.6, 4;
    %vpi_call/w 3 60 "$display", "Error: Failed to read coefficient %0d", v0x58e084de53e0_0 {0 0 0};
    %vpi_call/w 3 61 "$finish" {0 0 0};
T_2.6 ;
    ; show_stmt_assign_vector: Get l-value for compressed += operand
    %load/vec4 v0x58e084de53e0_0;
    %pushi/vec4 1, 0, 32;
    %add;
    %store/vec4 v0x58e084de53e0_0, 0, 32;
    %jmp T_2.4;
T_2.5 ;
    %vpi_call/w 3 64 "$fclose", v0x58e084de5220_0 {0 0 0};
    %pushi/vec4 1, 0, 1;
    %store/vec4 v0x58e084de4540_0, 0, 1;
    %pushi/vec4 1, 0, 1;
    %store/vec4 v0x58e084de4480_0, 0, 1;
    %pushi/vec4 2, 0, 32;
T_2.8 %dup/vec4;
    %pushi/vec4 0, 0, 32;
    %cmp/s;
    %jmp/1xz T_2.9, 5;
    %jmp/1 T_2.9, 4;
    %pushi/vec4 1, 0, 32;
    %sub;
    %delay 5000, 0;
    %pushi/vec4 1, 0, 1;
    %store/vec4 v0x58e084de5720_0, 0, 1;
    %delay 5000, 0;
    %pushi/vec4 0, 0, 1;
    %store/vec4 v0x58e084de5720_0, 0, 1;
    %jmp T_2.8;
T_2.9 ;
    %pop/vec4 1;
    %pushi/vec4 0, 0, 1;
    %store/vec4 v0x58e084de4480_0, 0, 1;
    %pushi/vec4 0, 0, 32;
    %store/vec4 v0x58e084de53e0_0, 0, 32;
T_2.10 ;
    %load/vec4 v0x58e084de53e0_0;
    %cmpi/s 128, 0, 32;
    %jmp/0xz T_2.11, 5;
    %delay 5000, 0;
    %pushi/vec4 1, 0, 1;
    %store/vec4 v0x58e084de5720_0, 0, 1;
    %delay 5000, 0;
    %pushi/vec4 0, 0, 1;
    %store/vec4 v0x58e084de5720_0, 0, 1;
    ; show_stmt_assign_vector: Get l-value for compressed += operand
    %load/vec4 v0x58e084de53e0_0;
    %pushi/vec4 1, 0, 32;
    %add;
    %store/vec4 v0x58e084de53e0_0, 0, 32;
    %jmp T_2.10;
T_2.11 ;
    %load/str v0x58e084de46e0_0;
    %concati/str "RTL_s400_500_input_signal_shorter.csv";
    %vpi_func 3 89 "$fopen" 32, S<0,str>, "r" {0 0 1};
    %store/vec4 v0x58e084de5220_0, 0, 32;
    %load/vec4 v0x58e084de5220_0;
    %cmpi/e 0, 0, 32;
    %jmp/0xz  T_2.12, 4;
    %vpi_call/w 3 91 "$display", "Error: Could not open RTL_s400_500_input_signal_shorter.csv" {0 0 0};
    %vpi_call/w 3 92 "$finish" {0 0 0};
T_2.12 ;
    %load/str v0x58e084de46e0_0;
    %concati/str "RTL_output.csv";
    %vpi_func 3 95 "$fopen" 32, S<0,str>, "w" {0 0 1};
    %store/vec4 v0x58e084de5300_0, 0, 32;
    %load/vec4 v0x58e084de5300_0;
    %cmpi/e 0, 0, 32;
    %jmp/0xz  T_2.14, 4;
    %vpi_call/w 3 97 "$display", "Error: Could not open RTL_output.csv" {0 0 0};
    %vpi_call/w 3 98 "$finish" {0 0 0};
T_2.14 ;
    %fork t_7, S_0x58e084dbc500;
    %jmp t_6;
    .scope S_0x58e084dbc500;
t_7 ;
    %pushi/vec4 0, 0, 32;
    %store/vec4 v0x58e084d3f560_0, 0, 32;
T_2.16 ;
    %load/vec4 v0x58e084d3f560_0;
    %cmpi/s 20, 0, 32;
    %jmp/0xz T_2.17, 5;
    %load/vec4 v0x58e084de4610_0;
    %load/vec4 v0x58e084d3f560_0;
    %part/s 1;
    %store/vec4 v0x58e084de4540_0, 0, 1;
    %vpi_call/w 3 107 "$rewind", v0x58e084de5220_0 {0 0 0};
T_2.18 ;
    %vpi_func 3 113 "$feof" 32, v0x58e084de5220_0 {0 0 0};
    %nor/r;
    %flag_set/vec4 8;
    %jmp/0xz T_2.19, 8;
    %vpi_func 3 114 "$fscanf" 32, v0x58e084de5220_0, "%d", v0x58e084de54c0_0 {0 0 0};
    %store/vec4 v0x58e084de57f0_0, 0, 32;
    %load/vec4 v0x58e084de57f0_0;
    %cmpi/e 1, 0, 32;
    %jmp/0xz  T_2.20, 4;
    %delay 5000, 0;
    %pushi/vec4 1, 0, 1;
    %store/vec4 v0x58e084de5720_0, 0, 1;
    %delay 5000, 0;
    %pushi/vec4 0, 0, 1;
    %store/vec4 v0x58e084de5720_0, 0, 1;
    %vpi_call/w 3 120 "$fdisplay", v0x58e084de5300_0, "%d", v0x58e084de5580_0 {0 0 0};
T_2.20 ;
    %jmp T_2.18;
T_2.19 ;
    %load/vec4 v0x58e084d3f560_0;
    %addi 1, 0, 32;
    %cast2;
    %store/vec4 v0x58e084d3f560_0, 0, 32;
    %jmp T_2.16;
T_2.17 ;
    %end;
    .scope S_0x58e084dbe6b0;
t_6 %join;
    %pushi/vec4 0, 0, 10;
    %store/vec4 v0x58e084de54c0_0, 0, 10;
    %pushi/vec4 0, 0, 32;
    %store/vec4 v0x58e084de53e0_0, 0, 32;
T_2.22 ;
    %load/vec4 v0x58e084de53e0_0;
    %cmpi/s 63, 0, 32;
    %jmp/0xz T_2.23, 5;
    %delay 5000, 0;
    %pushi/vec4 1, 0, 1;
    %store/vec4 v0x58e084de5720_0, 0, 1;
    %delay 5000, 0;
    %pushi/vec4 0, 0, 1;
    %store/vec4 v0x58e084de5720_0, 0, 1;
    %vpi_call/w 3 132 "$fdisplay", v0x58e084de5300_0, "%d", v0x58e084de5580_0 {0 0 0};
    ; show_stmt_assign_vector: Get l-value for compressed += operand
    %load/vec4 v0x58e084de53e0_0;
    %pushi/vec4 1, 0, 32;
    %add;
    %store/vec4 v0x58e084de53e0_0, 0, 32;
    %jmp T_2.22;
T_2.23 ;
    %vpi_call/w 3 135 "$fclose", v0x58e084de5220_0 {0 0 0};
    %vpi_call/w 3 136 "$fclose", v0x58e084de5300_0 {0 0 0};
    %delay 50000, 0;
    %vpi_call/w 3 138 "$finish" {0 0 0};
    %end;
    .thread T_2;
# The file index is used to find the file name in the following table.
:file_names 5;
    "N/A";
    "<interactive>";
    "-";
    "RTL/tb.sv";
    "RTL/FIR_63TAP.sv";
