Notice: timing checks disabled with +notimingcheck at compile-time
Chronologic VCS simulator copyright 1991-2019
Contains Synopsys proprietary information.
Compiler version P-2019.06-SP2-11_Full64; Runtime version P-2019.06-SP2-11_Full64;  Jun 19 01:31 2026
TB: LS#1 - Setting LOAD_COEFF State...
TB: LS#2 Setting IDLE State...
TB: LS#3 Setting COMPUTE State...
VCS Loop Detection: Switching loop detection algorithm ON at time 5670000 ps
                    delta-cycles exceeded the threshold-limit.
                    Possible zero delay loop(s).
VCS Loop Detection: Switching loop detection algorithm ON at time 5710000 ps
                    delta-cycles exceeded the threshold-limit.
                    Possible zero delay loop(s).
TB: LS#4 - Checking if output buffer is full (check for done)...
LS #4: Check IRQ State: $d1
TB: L4# - Checking if output buffer is full (check for done)...
OUT_SAMPLE[0]=0
OUT_SAMPLE[1]=x
OUT_SAMPLE[2]=x
OUT_SAMPLE[3]=229
OUT_SAMPLE[4]=144
OUT_SAMPLE[5]=-141
OUT_SAMPLE[6]=-234
OUT_SAMPLE[7]=-4
OUT_SAMPLE[8]=233
OUT_SAMPLE[9]=148
OUT_SAMPLE[10]=-145
OUT_SAMPLE[11]=-238
OUT_SAMPLE[12]=0
OUT_SAMPLE[13]=237
OUT_SAMPLE[14]=144
OUT_SAMPLE[15]=-149
OUT_SAMPLE[16]=-234
OUT_SAMPLE[17]=4
OUT_SAMPLE[18]=233
OUT_SAMPLE[19]=140
OUT_SAMPLE[20]=-145
OUT_SAMPLE[21]=-230
OUT_SAMPLE[22]=0
OUT_SAMPLE[23]=229
OUT_SAMPLE[24]=144
OUT_SAMPLE[25]=-141
OUT_SAMPLE[26]=-234
OUT_SAMPLE[27]=-4
OUT_SAMPLE[28]=233
OUT_SAMPLE[29]=148
OUT_SAMPLE[30]=-145
OUT_SAMPLE[31]=-238
OUT_SAMPLE[32]=0
OUT_SAMPLE[33]=237
OUT_SAMPLE[34]=144
OUT_SAMPLE[35]=-149
OUT_SAMPLE[36]=-234
OUT_SAMPLE[37]=4
OUT_SAMPLE[38]=233
OUT_SAMPLE[39]=140
OUT_SAMPLE[40]=-145
OUT_SAMPLE[41]=-230
OUT_SAMPLE[42]=0
OUT_SAMPLE[43]=229
OUT_SAMPLE[44]=144
OUT_SAMPLE[45]=-141
OUT_SAMPLE[46]=-234
OUT_SAMPLE[47]=-4
OUT_SAMPLE[48]=233
OUT_SAMPLE[49]=148
OUT_SAMPLE[50]=-145
OUT_SAMPLE[51]=-238
OUT_SAMPLE[52]=0
OUT_SAMPLE[53]=237
OUT_SAMPLE[54]=144
OUT_SAMPLE[55]=-149
OUT_SAMPLE[56]=-234
OUT_SAMPLE[57]=4
OUT_SAMPLE[58]=233
OUT_SAMPLE[59]=140
OUT_SAMPLE[60]=-145
OUT_SAMPLE[61]=-230
OUT_SAMPLE[62]=0
OUT_SAMPLE[63]=229
OUT_SAMPLE[64]=144
OUT_SAMPLE[65]=-141
OUT_SAMPLE[66]=-234
OUT_SAMPLE[67]=-4
OUT_SAMPLE[68]=233
OUT_SAMPLE[69]=148
OUT_SAMPLE[70]=-145
OUT_SAMPLE[71]=-238
OUT_SAMPLE[72]=0
OUT_SAMPLE[73]=237
OUT_SAMPLE[74]=144
OUT_SAMPLE[75]=-149
OUT_SAMPLE[76]=-234
OUT_SAMPLE[77]=4
OUT_SAMPLE[78]=233
OUT_SAMPLE[79]=140
OUT_SAMPLE[80]=-145
OUT_SAMPLE[81]=-230
OUT_SAMPLE[82]=0
OUT_SAMPLE[83]=229
OUT_SAMPLE[84]=144
OUT_SAMPLE[85]=-141
OUT_SAMPLE[86]=-234
OUT_SAMPLE[87]=-4
OUT_SAMPLE[88]=233
OUT_SAMPLE[89]=148
OUT_SAMPLE[90]=-145
OUT_SAMPLE[91]=-238
OUT_SAMPLE[92]=0
OUT_SAMPLE[93]=237
OUT_SAMPLE[94]=144
OUT_SAMPLE[95]=-149
OUT_SAMPLE[96]=-234
OUT_SAMPLE[97]=4
OUT_SAMPLE[98]=233
OUT_SAMPLE[99]=140
OUT_SAMPLE[100]=-145
OUT_SAMPLE[101]=-230
OUT_SAMPLE[102]=0
OUT_SAMPLE[103]=229
OUT_SAMPLE[104]=144
OUT_SAMPLE[105]=-141
OUT_SAMPLE[106]=-234
OUT_SAMPLE[107]=-4
OUT_SAMPLE[108]=233
OUT_SAMPLE[109]=148
OUT_SAMPLE[110]=-145
OUT_SAMPLE[111]=-238
OUT_SAMPLE[112]=0
OUT_SAMPLE[113]=237
OUT_SAMPLE[114]=144
OUT_SAMPLE[115]=-149
OUT_SAMPLE[116]=-234
OUT_SAMPLE[117]=4
OUT_SAMPLE[118]=233
OUT_SAMPLE[119]=140
OUT_SAMPLE[120]=-145
OUT_SAMPLE[121]=-230
OUT_SAMPLE[122]=0
OUT_SAMPLE[123]=229
OUT_SAMPLE[124]=144
OUT_SAMPLE[125]=-141
OUT_SAMPLE[126]=-234
OUT_SAMPLE[127]=-4
OUT_SAMPLE[128]=233
OUT_SAMPLE[129]=148
OUT_SAMPLE[130]=-145
OUT_SAMPLE[131]=-238
OUT_SAMPLE[132]=0
OUT_SAMPLE[133]=237
OUT_SAMPLE[134]=144
OUT_SAMPLE[135]=-149
OUT_SAMPLE[136]=-234
OUT_SAMPLE[137]=4
OUT_SAMPLE[138]=233
OUT_SAMPLE[139]=140
OUT_SAMPLE[140]=-145
OUT_SAMPLE[141]=-230
OUT_SAMPLE[142]=0
OUT_SAMPLE[143]=229
OUT_SAMPLE[144]=144
OUT_SAMPLE[145]=-141
OUT_SAMPLE[146]=-234
OUT_SAMPLE[147]=-4
OUT_SAMPLE[148]=233
OUT_SAMPLE[149]=148
OUT_SAMPLE[150]=-145
OUT_SAMPLE[151]=-238
OUT_SAMPLE[152]=0
OUT_SAMPLE[153]=237
OUT_SAMPLE[154]=144
OUT_SAMPLE[155]=-149
OUT_SAMPLE[156]=-234
OUT_SAMPLE[157]=4
OUT_SAMPLE[158]=233
OUT_SAMPLE[159]=140
OUT_SAMPLE[160]=-145
OUT_SAMPLE[161]=-230
OUT_SAMPLE[162]=0
OUT_SAMPLE[163]=229
OUT_SAMPLE[164]=144
OUT_SAMPLE[165]=-141
OUT_SAMPLE[166]=-234
OUT_SAMPLE[167]=-4
OUT_SAMPLE[168]=233
OUT_SAMPLE[169]=148
OUT_SAMPLE[170]=-145
OUT_SAMPLE[171]=-238
OUT_SAMPLE[172]=0
OUT_SAMPLE[173]=237
OUT_SAMPLE[174]=144
OUT_SAMPLE[175]=-149
OUT_SAMPLE[176]=-234
OUT_SAMPLE[177]=4
OUT_SAMPLE[178]=233
OUT_SAMPLE[179]=140
OUT_SAMPLE[180]=-145
OUT_SAMPLE[181]=-230
OUT_SAMPLE[182]=0
OUT_SAMPLE[183]=229
OUT_SAMPLE[184]=144
OUT_SAMPLE[185]=-141
OUT_SAMPLE[186]=-234
OUT_SAMPLE[187]=-4
OUT_SAMPLE[188]=233
OUT_SAMPLE[189]=148
OUT_SAMPLE[190]=-145
OUT_SAMPLE[191]=-238
OUT_SAMPLE[192]=0
OUT_SAMPLE[193]=237
OUT_SAMPLE[194]=144
OUT_SAMPLE[195]=-149
OUT_SAMPLE[196]=-234
OUT_SAMPLE[197]=4
OUT_SAMPLE[198]=233
OUT_SAMPLE[199]=140
OUT_SAMPLE[200]=-145
OUT_SAMPLE[201]=-230
OUT_SAMPLE[202]=0
OUT_SAMPLE[203]=229
OUT_SAMPLE[204]=144
OUT_SAMPLE[205]=-141
OUT_SAMPLE[206]=-234
OUT_SAMPLE[207]=-4
OUT_SAMPLE[208]=233
OUT_SAMPLE[209]=148
OUT_SAMPLE[210]=-145
OUT_SAMPLE[211]=-238
OUT_SAMPLE[212]=0
OUT_SAMPLE[213]=237
OUT_SAMPLE[214]=144
OUT_SAMPLE[215]=-149
OUT_SAMPLE[216]=-234
OUT_SAMPLE[217]=4
OUT_SAMPLE[218]=233
OUT_SAMPLE[219]=140
OUT_SAMPLE[220]=-145
OUT_SAMPLE[221]=-230
OUT_SAMPLE[222]=0
OUT_SAMPLE[223]=229
OUT_SAMPLE[224]=144
OUT_SAMPLE[225]=-141
OUT_SAMPLE[226]=-234
OUT_SAMPLE[227]=-4
OUT_SAMPLE[228]=233
OUT_SAMPLE[229]=148
OUT_SAMPLE[230]=-145
OUT_SAMPLE[231]=-238
OUT_SAMPLE[232]=0
OUT_SAMPLE[233]=237
OUT_SAMPLE[234]=144
OUT_SAMPLE[235]=-149
OUT_SAMPLE[236]=-234
OUT_SAMPLE[237]=4
OUT_SAMPLE[238]=233
OUT_SAMPLE[239]=140
OUT_SAMPLE[240]=-145
OUT_SAMPLE[241]=-230
OUT_SAMPLE[242]=0
OUT_SAMPLE[243]=229
OUT_SAMPLE[244]=144
OUT_SAMPLE[245]=-141
OUT_SAMPLE[246]=-234
OUT_SAMPLE[247]=-4
OUT_SAMPLE[248]=233
OUT_SAMPLE[249]=148
OUT_SAMPLE[250]=-145
OUT_SAMPLE[251]=-238
OUT_SAMPLE[252]=0
OUT_SAMPLE[253]=237
OUT_SAMPLE[254]=144
OUT_SAMPLE[255]=-149
LS #5: Check IRQ State: $d0
$finish called from file "../rtl/tb.sv", line 271.
$finish at simulation time 36560.00000 ns
           V C S   S i m u l a t i o n   R e p o r t 
Time: 36560000 ps
CPU Time:      0.590 seconds;       Data structure size:   0.0Mb
Fri Jun 19 01:31:26 2026
